Build started 10/11/2017 3:57:14 PM.
     1>Project "C:\ACV\assignments\ACV-assignments\assignment1\build\INSTALL.vcxproj" on node 2 (build target(s)).
     1>InitializeBuildStatus:
         Creating "Win32\Release\INSTALL\INSTALL.unsuccessfulbuild" because "AlwaysCreate" was specified.
       PostBuildEvent:
         setlocal
         "C:\Program Files (x86)\CMake\bin\cmake.exe" -DBUILD_TYPE=Release -P cmake_install.cmake
         if %errorlevel% neq 0 goto :cmEnd
         :cmEnd
         endlocal & call :cmErrorLevel %errorlevel% & goto :cmDone
         :cmErrorLevel
         exit /b %1
         :cmDone
         if %errorlevel% neq 0 goto :VCEnd
         :VCEnd
         -- Install configuration: "Release"
         -- Up-to-date: C:/ACV/assignments/ACV-assignments/assignment1/bin/countSmartiesWithCanny.exe
         -- Up-to-date: C:/ACV/assignments/ACV-assignments/assignment1/bin/colourSegmentation.exe
         -- Up-to-date: C:/ACV/assignments/ACV-assignments/assignment1/bin/kmeansSmartiesCounter.exe
         -- Up-to-date: C:/ACV/assignments/ACV-assignments/assignment1/bin/morphologySmartiesCounter.exe
         -- Up-to-date: C:/ACV/assignments/ACV-assignments/assignment1/bin/dmarew.exe
       FinalizeBuildStatus:
         Deleting file "Win32\Release\INSTALL\INSTALL.unsuccessfulbuild".
         Touching "Win32\Release\INSTALL\INSTALL.lastbuildstate".
     1>Done Building Project "C:\ACV\assignments\ACV-assignments\assignment1\build\INSTALL.vcxproj" (build target(s)).

Build succeeded.

Time Elapsed 00:00:00.11
