Build started 11/18/2017 6:55:39 AM.
     1>Project "C:\ACV\assignments\ACV-assignments\assignment3\build\src\dmarew\dmarew.vcxproj" on node 2 (rebuild target(s)).
     1>_PrepareForClean:
         Deleting file "dmarew.dir\Debug\dmarew.lastbuildstate".
       InitializeBuildStatus:
         Creating "dmarew.dir\Debug\dmarew.unsuccessfulbuild" because "AlwaysCreate" was specified.
       CustomBuild:
         Building Custom Rule C:/ACV/assignments/ACV-assignments/assignment3/src/dmarew/CMakeLists.txt
         CMake does not need to re-run because C:\ACV\assignments\ACV-assignments\assignment3\build\src\dmarew\CMakeFiles\generate.stamp is up-to-date.
       ClCompile:
         C:\Program Files (x86)\Microsoft Visual Studio 10.0\VC\bin\CL.exe /c /IC:\opencv\build\include /IC:\opencv\build\include\opencv /Zi /nologo /W3 /WX- /Od /Ob0 /Oy- /D WIN32 /D _WINDOWS /D _DEBUG /D _CRT_SECURE_NO_DEPRECATE /D "CMAKE_INTDIR=\"Debug\"" /D _MBCS /Gm- /EHsc /RTC1 /MDd /GS /fp:precise /Zc:wchar_t /Zc:forScope /GR /Fo"dmarew.dir\Debug\\" /Fd"dmarew.dir\Debug\vc100.pdb" /Gd /TP /analyze- /errorReport:prompt ..\..\..\src\dmarew\determinePoseApplication.cpp ..\..\..\src\dmarew\determinePoseImplementation.cpp
         determinePoseApplication.cpp
         determinePoseImplementation.cpp
     1>..\..\..\src\dmarew\determinePoseImplementation.cpp(61): warning C4244: 'initializing' : conversion from 'double' to 'int', possible loss of data
     1>..\..\..\src\dmarew\determinePoseImplementation.cpp(71): warning C4244: 'argument' : conversion from 'double' to 'int', possible loss of data
     1>..\..\..\src\dmarew\determinePoseImplementation.cpp(71): warning C4244: 'argument' : conversion from 'float' to 'int', possible loss of data
     1>..\..\..\src\dmarew\determinePoseImplementation.cpp(93): warning C4244: 'argument' : conversion from 'double' to 'int', possible loss of data
     1>..\..\..\src\dmarew\determinePoseImplementation.cpp(93): warning C4244: 'argument' : conversion from 'float' to 'int', possible loss of data
     1>..\..\..\src\dmarew\determinePoseImplementation.cpp(109): warning C4244: '=' : conversion from 'double' to 'int', possible loss of data
     1>..\..\..\src\dmarew\determinePoseImplementation.cpp(110): warning C4244: '=' : conversion from 'double' to 'int', possible loss of data
     1>..\..\..\src\dmarew\determinePoseImplementation.cpp(74): warning C4101: 'intercept' : unreferenced local variable
     1>..\..\..\src\dmarew\determinePoseImplementation.cpp(74): warning C4101: 'm' : unreferenced local variable
     1>..\..\..\src\dmarew\determinePoseImplementation.cpp(121): warning C4101: 'currentLineTheta' : unreferenced local variable
     1>..\..\..\src\dmarew\determinePoseImplementation.cpp(121): warning C4101: 'y0' : unreferenced local variable
     1>..\..\..\src\dmarew\determinePoseImplementation.cpp(121): warning C4101: 'a' : unreferenced local variable
     1>..\..\..\src\dmarew\determinePoseImplementation.cpp(121): warning C4101: 'currentLineRho' : unreferenced local variable
     1>..\..\..\src\dmarew\determinePoseImplementation.cpp(121): warning C4101: 'b' : unreferenced local variable
     1>..\..\..\src\dmarew\determinePoseImplementation.cpp(121): warning C4101: 'rho' : unreferenced local variable
     1>..\..\..\src\dmarew\determinePoseImplementation.cpp(121): warning C4101: 'x0' : unreferenced local variable
     1>..\..\..\src\dmarew\determinePoseImplementation.cpp(121): warning C4101: 'theta' : unreferenced local variable
     1>..\..\..\src\dmarew\determinePoseImplementation.cpp(163): warning C4018: '<' : signed/unsigned mismatch
     1>..\..\..\src\dmarew\determinePoseImplementation.cpp(169): warning C4244: 'argument' : conversion from 'int' to 'float', possible loss of data
     1>..\..\..\src\dmarew\determinePoseImplementation.cpp(169): warning C4244: 'argument' : conversion from 'int' to 'float', possible loss of data
     1>..\..\..\src\dmarew\determinePoseImplementation.cpp(171): warning C4244: 'argument' : conversion from 'int' to 'float', possible loss of data
     1>..\..\..\src\dmarew\determinePoseImplementation.cpp(171): warning C4244: 'argument' : conversion from 'int' to 'float', possible loss of data
     1>..\..\..\src\dmarew\determinePoseImplementation.cpp(171): warning C4804: '~' : unsafe use of type 'bool' in operation
     1>..\..\..\src\dmarew\determinePoseImplementation.cpp(173): warning C4244: 'argument' : conversion from 'int' to 'float', possible loss of data
     1>..\..\..\src\dmarew\determinePoseImplementation.cpp(173): warning C4804: '~' : unsafe use of type 'bool' in operation
     1>..\..\..\src\dmarew\determinePoseImplementation.cpp(173): warning C4244: 'argument' : conversion from 'int' to 'float', possible loss of data
     1>..\..\..\src\dmarew\determinePoseImplementation.cpp(175): warning C4244: 'argument' : conversion from 'int' to 'float', possible loss of data
     1>..\..\..\src\dmarew\determinePoseImplementation.cpp(175): warning C4244: 'argument' : conversion from 'int' to 'float', possible loss of data
     1>..\..\..\src\dmarew\determinePoseImplementation.cpp(177): warning C4244: 'argument' : conversion from 'int' to 'float', possible loss of data
     1>..\..\..\src\dmarew\determinePoseImplementation.cpp(177): warning C4244: 'argument' : conversion from 'int' to 'float', possible loss of data
     1>..\..\..\src\dmarew\determinePoseImplementation.cpp(177): warning C4804: '~' : unsafe use of type 'bool' in operation
     1>..\..\..\src\dmarew\determinePoseImplementation.cpp(179): warning C4244: 'argument' : conversion from 'int' to 'float', possible loss of data
     1>..\..\..\src\dmarew\determinePoseImplementation.cpp(179): warning C4804: '~' : unsafe use of type 'bool' in operation
     1>..\..\..\src\dmarew\determinePoseImplementation.cpp(179): warning C4244: 'argument' : conversion from 'int' to 'float', possible loss of data
     1>..\..\..\src\dmarew\determinePoseImplementation.cpp(192): warning C4244: '=' : conversion from 'double' to 'float', possible loss of data
     1>..\..\..\src\dmarew\determinePoseImplementation.cpp(193): warning C4244: '=' : conversion from 'double' to 'float', possible loss of data
     1>..\..\..\src\dmarew\determinePoseImplementation.cpp(194): warning C4244: '=' : conversion from 'double' to 'float', possible loss of data
     1>..\..\..\src\dmarew\determinePoseImplementation.cpp(195): warning C4244: '=' : conversion from 'double' to 'float', possible loss of data
     1>..\..\..\src\dmarew\determinePoseImplementation.cpp(198): warning C4244: '=' : conversion from 'float' to 'int', possible loss of data
     1>..\..\..\src\dmarew\determinePoseImplementation.cpp(199): warning C4244: '=' : conversion from 'float' to 'int', possible loss of data
     1>..\..\..\src\dmarew\determinePoseImplementation.cpp(202): warning C4244: '=' : conversion from 'double' to 'float', possible loss of data
     1>..\..\..\src\dmarew\determinePoseImplementation.cpp(203): warning C4244: '=' : conversion from 'double' to 'float', possible loss of data
     1>..\..\..\src\dmarew\determinePoseImplementation.cpp(204): warning C4244: '=' : conversion from 'double' to 'float', possible loss of data
     1>..\..\..\src\dmarew\determinePoseImplementation.cpp(206): warning C4244: '=' : conversion from 'float' to 'int', possible loss of data
     1>..\..\..\src\dmarew\determinePoseImplementation.cpp(207): warning C4244: '=' : conversion from 'float' to 'int', possible loss of data
     1>..\..\..\src\dmarew\determinePoseImplementation.cpp(210): warning C4244: '=' : conversion from 'double' to 'float', possible loss of data
     1>..\..\..\src\dmarew\determinePoseImplementation.cpp(211): warning C4244: '=' : conversion from 'double' to 'float', possible loss of data
     1>..\..\..\src\dmarew\determinePoseImplementation.cpp(212): warning C4244: '=' : conversion from 'double' to 'float', possible loss of data
     1>..\..\..\src\dmarew\determinePoseImplementation.cpp(214): warning C4244: '=' : conversion from 'float' to 'int', possible loss of data
     1>..\..\..\src\dmarew\determinePoseImplementation.cpp(215): warning C4244: '=' : conversion from 'float' to 'int', possible loss of data
     1>..\..\..\src\dmarew\determinePoseImplementation.cpp(233): warning C4018: '<' : signed/unsigned mismatch
     1>..\..\..\src\dmarew\determinePoseImplementation.cpp(238): warning C4244: '=' : conversion from 'double' to 'int', possible loss of data
         Generating Code...
     1>c:\acv\assignments\acv-assignments\assignment3\src\dmarew\determineposeimplementation.cpp(165): warning C4700: uninitialized local variable 'validLinePoseSum' used
       ManifestResourceCompile:
         C:\Program Files (x86)\Microsoft SDKs\Windows\v7.0A\bin\rc.exe /nologo /fo"dmarew.dir\Debug\dmarew.exe.embed.manifest.res" dmarew.dir\Debug\dmarew_manifest.rc 
       Link:
         C:\Program Files (x86)\Microsoft Visual Studio 10.0\VC\bin\link.exe /ERRORREPORT:PROMPT /OUT:"C:\ACV\assignments\ACV-assignments\assignment3\build\Debug\dmarew.exe" /INCREMENTAL /NOLOGO kernel32.lib user32.lib gdi32.lib winspool.lib shell32.lib ole32.lib oleaut32.lib uuid.lib comdlg32.lib advapi32.lib C:\opencv\build\x86\vc10\lib\opencv_videostab2410d.lib C:\opencv\build\x86\vc10\lib\opencv_ts2410d.lib C:\opencv\build\x86\vc10\lib\opencv_superres2410d.lib C:\opencv\build\x86\vc10\lib\opencv_stitching2410d.lib C:\opencv\build\x86\vc10\lib\opencv_contrib2410d.lib C:\opencv\build\x86\vc10\lib\opencv_nonfree2410d.lib C:\opencv\build\x86\vc10\lib\opencv_ocl2410d.lib C:\opencv\build\x86\vc10\lib\opencv_gpu2410d.lib C:\opencv\build\x86\vc10\lib\opencv_photo2410d.lib C:\opencv\build\x86\vc10\lib\opencv_objdetect2410d.lib C:\opencv\build\x86\vc10\lib\opencv_legacy2410d.lib C:\opencv\build\x86\vc10\lib\opencv_video2410d.lib C:\opencv\build\x86\vc10\lib\opencv_ml2410d.lib C:\opencv\build\x86\vc10\lib\opencv_calib3d2410d.lib C:\opencv\build\x86\vc10\lib\opencv_features2d2410d.lib C:\opencv\build\x86\vc10\lib\opencv_highgui2410d.lib C:\opencv\build\x86\vc10\lib\opencv_imgproc2410d.lib C:\opencv\build\x86\vc10\lib\opencv_flann2410d.lib C:\opencv\build\x86\vc10\lib\opencv_core2410d.lib /NODEFAULTLIB:"libc;libcmt.lib;libcmtd.lib" /MANIFEST /ManifestFile:"dmarew.dir\Debug\dmarew.exe.intermediate.manifest" /MANIFESTUAC:"level='asInvoker' uiAccess='false'" /DEBUG /PDB:"C:/ACV/assignments/ACV-assignments/assignment3/build/Debug/dmarew.pdb" /SUBSYSTEM:CONSOLE /TLBID:1 /DYNAMICBASE /NXCOMPAT /IMPLIB:"C:/ACV/assignments/ACV-assignments/assignment3/build/Debug/dmarew.lib" /MACHINE:X86 dmarew.dir\Debug\dmarew.exe.embed.manifest.res
         dmarew.dir\Debug\determinePoseApplication.obj
         dmarew.dir\Debug\determinePoseImplementation.obj  /machine:X86 
       Manifest:
         Deleting file "dmarew.dir\Debug\dmarew.exe.embed.manifest".
         C:\Program Files (x86)\Microsoft SDKs\Windows\v7.0A\bin\mt.exe /nologo /verbose /out:"dmarew.dir\Debug\dmarew.exe.embed.manifest" /manifest dmarew.dir\Debug\dmarew.exe.intermediate.manifest
         C:\Program Files (x86)\Microsoft SDKs\Windows\v7.0A\bin\rc.exe /nologo /fo"dmarew.dir\Debug\dmarew.exe.embed.manifest.res" dmarew.dir\Debug\dmarew_manifest.rc 
       LinkEmbedManifest:
         C:\Program Files (x86)\Microsoft Visual Studio 10.0\VC\bin\link.exe /ERRORREPORT:PROMPT /OUT:"C:\ACV\assignments\ACV-assignments\assignment3\build\Debug\dmarew.exe" /INCREMENTAL /NOLOGO kernel32.lib user32.lib gdi32.lib winspool.lib shell32.lib ole32.lib oleaut32.lib uuid.lib comdlg32.lib advapi32.lib C:\opencv\build\x86\vc10\lib\opencv_videostab2410d.lib C:\opencv\build\x86\vc10\lib\opencv_ts2410d.lib C:\opencv\build\x86\vc10\lib\opencv_superres2410d.lib C:\opencv\build\x86\vc10\lib\opencv_stitching2410d.lib C:\opencv\build\x86\vc10\lib\opencv_contrib2410d.lib C:\opencv\build\x86\vc10\lib\opencv_nonfree2410d.lib C:\opencv\build\x86\vc10\lib\opencv_ocl2410d.lib C:\opencv\build\x86\vc10\lib\opencv_gpu2410d.lib C:\opencv\build\x86\vc10\lib\opencv_photo2410d.lib C:\opencv\build\x86\vc10\lib\opencv_objdetect2410d.lib C:\opencv\build\x86\vc10\lib\opencv_legacy2410d.lib C:\opencv\build\x86\vc10\lib\opencv_video2410d.lib C:\opencv\build\x86\vc10\lib\opencv_ml2410d.lib C:\opencv\build\x86\vc10\lib\opencv_calib3d2410d.lib C:\opencv\build\x86\vc10\lib\opencv_features2d2410d.lib C:\opencv\build\x86\vc10\lib\opencv_highgui2410d.lib C:\opencv\build\x86\vc10\lib\opencv_imgproc2410d.lib C:\opencv\build\x86\vc10\lib\opencv_flann2410d.lib C:\opencv\build\x86\vc10\lib\opencv_core2410d.lib /NODEFAULTLIB:"libc;libcmt.lib;libcmtd.lib" /MANIFEST /ManifestFile:"dmarew.dir\Debug\dmarew.exe.intermediate.manifest" /MANIFESTUAC:"level='asInvoker' uiAccess='false'" /DEBUG /PDB:"C:/ACV/assignments/ACV-assignments/assignment3/build/Debug/dmarew.pdb" /SUBSYSTEM:CONSOLE /TLBID:1 /DYNAMICBASE /NXCOMPAT /IMPLIB:"C:/ACV/assignments/ACV-assignments/assignment3/build/Debug/dmarew.lib" /MACHINE:X86 dmarew.dir\Debug\dmarew.exe.embed.manifest.res
         dmarew.dir\Debug\determinePoseApplication.obj
         dmarew.dir\Debug\determinePoseImplementation.obj  /machine:X86 
         dmarew.vcxproj -> C:\ACV\assignments\ACV-assignments\assignment3\build\Debug\dmarew.exe
       FinalizeBuildStatus:
         Deleting file "dmarew.dir\Debug\dmarew.unsuccessfulbuild".
         Touching "dmarew.dir\Debug\dmarew.lastbuildstate".
     1>Done Building Project "C:\ACV\assignments\ACV-assignments\assignment3\build\src\dmarew\dmarew.vcxproj" (rebuild target(s)).

Build succeeded.

Time Elapsed 00:00:09.03
