C:\ACV\ASSIGNMENTS\ACV-ASSIGNMENTS\ASSIGNMENT3\BUILD\DEBUG\DMAREW.EXE
C:\ACV\ASSIGNMENTS\ACV-ASSIGNMENTS\ASSIGNMENT3\BUILD\DEBUG\DMAREW.ILK
C:\ACV\ASSIGNMENTS\ACV-ASSIGNMENTS\ASSIGNMENT3\BUILD\DEBUG\DMAREW.PDB
C:\ACV\ASSIGNMENTS\ACV-ASSIGNMENTS\ASSIGNMENT3\BUILD\SRC\DMAREW\CMAKEFILES\GENERATE.STAMP
C:\ACV\assignments\ACV-assignments\assignment3\build\src\dmarew\dmarew.dir\Debug\cl.command.1.tlog
C:\ACV\assignments\ACV-assignments\assignment3\build\src\dmarew\dmarew.dir\Debug\CL.read.1.tlog
C:\ACV\assignments\ACV-assignments\assignment3\build\src\dmarew\dmarew.dir\Debug\CL.write.1.tlog
C:\ACV\assignments\ACV-assignments\assignment3\build\src\dmarew\dmarew.dir\Debug\custombuild.command.1.tlog
C:\ACV\assignments\ACV-assignments\assignment3\build\src\dmarew\dmarew.dir\Debug\custombuild.read.1.tlog
C:\ACV\assignments\ACV-assignments\assignment3\build\src\dmarew\dmarew.dir\Debug\custombuild.write.1.tlog
C:\ACV\ASSIGNMENTS\ACV-ASSIGNMENTS\ASSIGNMENT3\BUILD\SRC\DMAREW\DMAREW.DIR\DEBUG\DETERMINEPOSEAPPLICATION.OBJ
C:\ACV\ASSIGNMENTS\ACV-ASSIGNMENTS\ASSIGNMENT3\BUILD\SRC\DMAREW\DMAREW.DIR\DEBUG\DETERMINEPOSEIMPLEMENTATION.OBJ
C:\ACV\ASSIGNMENTS\ACV-ASSIGNMENTS\ASSIGNMENT3\BUILD\SRC\DMAREW\DMAREW.DIR\DEBUG\DMAREW.EXE.EMBED.MANIFEST
C:\ACV\ASSIGNMENTS\ACV-ASSIGNMENTS\ASSIGNMENT3\BUILD\SRC\DMAREW\DMAREW.DIR\DEBUG\DMAREW.EXE.EMBED.MANIFEST.RES
C:\ACV\ASSIGNMENTS\ACV-ASSIGNMENTS\ASSIGNMENT3\BUILD\SRC\DMAREW\DMAREW.DIR\DEBUG\DMAREW.EXE.INTERMEDIATE.MANIFEST
C:\ACV\assignments\ACV-assignments\assignment3\build\src\dmarew\dmarew.dir\Debug\dmarew.write.1.tlog
C:\ACV\assignments\ACV-assignments\assignment3\build\src\dmarew\dmarew.dir\Debug\dmarew_manifest.rc
C:\ACV\assignments\ACV-assignments\assignment3\build\src\dmarew\dmarew.dir\Debug\link.7120.read.1.tlog
C:\ACV\assignments\ACV-assignments\assignment3\build\src\dmarew\dmarew.dir\Debug\link.7120.write.1.tlog
C:\ACV\assignments\ACV-assignments\assignment3\build\src\dmarew\dmarew.dir\Debug\link.7120-cvtres.read.1.tlog
C:\ACV\assignments\ACV-assignments\assignment3\build\src\dmarew\dmarew.dir\Debug\link.7120-cvtres.write.1.tlog
C:\ACV\assignments\ACV-assignments\assignment3\build\src\dmarew\dmarew.dir\Debug\link.command.1.tlog
C:\ACV\assignments\ACV-assignments\assignment3\build\src\dmarew\dmarew.dir\Debug\link.read.1.tlog
C:\ACV\assignments\ACV-assignments\assignment3\build\src\dmarew\dmarew.dir\Debug\link.write.1.tlog
C:\ACV\assignments\ACV-assignments\assignment3\build\src\dmarew\dmarew.dir\Debug\link-cvtres.read.1.tlog
C:\ACV\assignments\ACV-assignments\assignment3\build\src\dmarew\dmarew.dir\Debug\link-cvtres.write.1.tlog
C:\ACV\assignments\ACV-assignments\assignment3\build\src\dmarew\dmarew.dir\Debug\mt.command.1.tlog
C:\ACV\assignments\ACV-assignments\assignment3\build\src\dmarew\dmarew.dir\Debug\mt.read.1.tlog
C:\ACV\assignments\ACV-assignments\assignment3\build\src\dmarew\dmarew.dir\Debug\mt.write.1.tlog
C:\ACV\assignments\ACV-assignments\assignment3\build\src\dmarew\dmarew.dir\Debug\rc.command.1.tlog
C:\ACV\assignments\ACV-assignments\assignment3\build\src\dmarew\dmarew.dir\Debug\rc.read.1.tlog
C:\ACV\assignments\ACV-assignments\assignment3\build\src\dmarew\dmarew.dir\Debug\rc.write.1.tlog
C:\ACV\ASSIGNMENTS\ACV-ASSIGNMENTS\ASSIGNMENT3\BUILD\SRC\DMAREW\DMAREW.DIR\DEBUG\VC100.PDB
