C:\ACV\ASSIGNMENTS\ACV-ASSIGNMENTS\ASSIGNMENT2\BUILD\DEBUG\DMAREW.EXE
C:\ACV\ASSIGNMENTS\ACV-ASSIGNMENTS\ASSIGNMENT2\BUILD\DEBUG\DMAREW.ILK
C:\ACV\ASSIGNMENTS\ACV-ASSIGNMENTS\ASSIGNMENT2\BUILD\DEBUG\DMAREW.PDB
C:\ACV\ASSIGNMENTS\ACV-ASSIGNMENTS\ASSIGNMENT2\BUILD\SRC\DMAREW\CMAKEFILES\GENERATE.STAMP
C:\ACV\assignments\ACV-assignments\assignment2\build\src\dmarew\dmarew.dir\Debug\cl.command.1.tlog
C:\ACV\assignments\ACV-assignments\assignment2\build\src\dmarew\dmarew.dir\Debug\CL.read.1.tlog
C:\ACV\assignments\ACV-assignments\assignment2\build\src\dmarew\dmarew.dir\Debug\CL.write.1.tlog
C:\ACV\assignments\ACV-assignments\assignment2\build\src\dmarew\dmarew.dir\Debug\custombuild.command.1.tlog
C:\ACV\assignments\ACV-assignments\assignment2\build\src\dmarew\dmarew.dir\Debug\custombuild.read.1.tlog
C:\ACV\assignments\ACV-assignments\assignment2\build\src\dmarew\dmarew.dir\Debug\custombuild.write.1.tlog
C:\ACV\ASSIGNMENTS\ACV-ASSIGNMENTS\ASSIGNMENT2\BUILD\SRC\DMAREW\DMAREW.DIR\DEBUG\DEFECTIVESWEETSCOUNTERAPPLICATION.OBJ
C:\ACV\ASSIGNMENTS\ACV-ASSIGNMENTS\ASSIGNMENT2\BUILD\SRC\DMAREW\DMAREW.DIR\DEBUG\DEFECTIVESWEETSCOUNTERIMPLEMENTATION.OBJ
C:\ACV\ASSIGNMENTS\ACV-ASSIGNMENTS\ASSIGNMENT2\BUILD\SRC\DMAREW\DMAREW.DIR\DEBUG\DMAREW.EXE.EMBED.MANIFEST
C:\ACV\ASSIGNMENTS\ACV-ASSIGNMENTS\ASSIGNMENT2\BUILD\SRC\DMAREW\DMAREW.DIR\DEBUG\DMAREW.EXE.EMBED.MANIFEST.RES
C:\ACV\ASSIGNMENTS\ACV-ASSIGNMENTS\ASSIGNMENT2\BUILD\SRC\DMAREW\DMAREW.DIR\DEBUG\DMAREW.EXE.INTERMEDIATE.MANIFEST
C:\ACV\assignments\ACV-assignments\assignment2\build\src\dmarew\dmarew.dir\Debug\dmarew.write.1.tlog
C:\ACV\assignments\ACV-assignments\assignment2\build\src\dmarew\dmarew.dir\Debug\dmarew_manifest.rc
C:\ACV\assignments\ACV-assignments\assignment2\build\src\dmarew\dmarew.dir\Debug\link.6464.read.1.tlog
C:\ACV\assignments\ACV-assignments\assignment2\build\src\dmarew\dmarew.dir\Debug\link.6464.write.1.tlog
C:\ACV\assignments\ACV-assignments\assignment2\build\src\dmarew\dmarew.dir\Debug\link.6464-cvtres.read.1.tlog
C:\ACV\assignments\ACV-assignments\assignment2\build\src\dmarew\dmarew.dir\Debug\link.6464-cvtres.write.1.tlog
C:\ACV\assignments\ACV-assignments\assignment2\build\src\dmarew\dmarew.dir\Debug\link.command.1.tlog
C:\ACV\assignments\ACV-assignments\assignment2\build\src\dmarew\dmarew.dir\Debug\link.read.1.tlog
C:\ACV\assignments\ACV-assignments\assignment2\build\src\dmarew\dmarew.dir\Debug\link.write.1.tlog
C:\ACV\assignments\ACV-assignments\assignment2\build\src\dmarew\dmarew.dir\Debug\link-cvtres.read.1.tlog
C:\ACV\assignments\ACV-assignments\assignment2\build\src\dmarew\dmarew.dir\Debug\link-cvtres.write.1.tlog
C:\ACV\assignments\ACV-assignments\assignment2\build\src\dmarew\dmarew.dir\Debug\mt.command.1.tlog
C:\ACV\assignments\ACV-assignments\assignment2\build\src\dmarew\dmarew.dir\Debug\mt.read.1.tlog
C:\ACV\assignments\ACV-assignments\assignment2\build\src\dmarew\dmarew.dir\Debug\mt.write.1.tlog
C:\ACV\assignments\ACV-assignments\assignment2\build\src\dmarew\dmarew.dir\Debug\rc.command.1.tlog
C:\ACV\assignments\ACV-assignments\assignment2\build\src\dmarew\dmarew.dir\Debug\rc.read.1.tlog
C:\ACV\assignments\ACV-assignments\assignment2\build\src\dmarew\dmarew.dir\Debug\rc.write.1.tlog
C:\ACV\ASSIGNMENTS\ACV-ASSIGNMENTS\ASSIGNMENT2\BUILD\SRC\DMAREW\DMAREW.DIR\DEBUG\VC100.PDB
