Build started 10/24/2017 2:38:08 PM.
     1>Project "C:\ACV\assignments\ACV-assignments\assignment2\build\ZERO_CHECK.vcxproj" on node 2 (rebuild target(s)).
     1>_PrepareForClean:
         Deleting file "Win32\Release\ZERO_CHECK\ZERO_CHECK.lastbuildstate".
       InitializeBuildStatus:
         Creating "Win32\Release\ZERO_CHECK\ZERO_CHECK.unsuccessfulbuild" because "AlwaysCreate" was specified.
       CustomBuild:
         Checking Build System
         CMake does not need to re-run because C:/ACV/assignments/ACV-assignments/assignment2/build/CMakeFiles/generate.stamp is up-to-date.
         CMake does not need to re-run because C:/ACV/assignments/ACV-assignments/assignment2/build/src/CMakeFiles/generate.stamp is up-to-date.
         CMake does not need to re-run because C:/ACV/assignments/ACV-assignments/assignment2/build/src/dmarew/CMakeFiles/generate.stamp is up-to-date.
         CMake does not need to re-run because C:/ACV/assignments/ACV-assignments/assignment2/build/src/firstAttempt/CMakeFiles/generate.stamp is up-to-date.
         CMake does not need to re-run because C:/ACV/assignments/ACV-assignments/assignment2/build/src/histogram/CMakeFiles/generate.stamp is up-to-date.
         CMake does not need to re-run because C:/ACV/assignments/ACV-assignments/assignment2/build/src/test/CMakeFiles/generate.stamp is up-to-date.
       FinalizeBuildStatus:
         Deleting file "Win32\Release\ZERO_CHECK\ZERO_CHECK.unsuccessfulbuild".
         Touching "Win32\Release\ZERO_CHECK\ZERO_CHECK.lastbuildstate".
     1>Done Building Project "C:\ACV\assignments\ACV-assignments\assignment2\build\ZERO_CHECK.vcxproj" (rebuild target(s)).

Build succeeded.

Time Elapsed 00:00:00.10
