Build started 9/26/2017 3:19:51 PM.
     1>Project "C:\ACV\assignments\ACV-assignments\assignment1\build\src\morphologySmartiesCounter\morphologySmartiesCounter.vcxproj" on node 2 (build target(s)).
     1>InitializeBuildStatus:
         Creating "morphologySmartiesCounter.dir\Release\morphologySmartiesCounter.unsuccessfulbuild" because "AlwaysCreate" was specified.
       CustomBuild:
         All outputs are up-to-date.
       ClCompile:
         C:\Program Files (x86)\Microsoft Visual Studio 10.0\VC\bin\CL.exe /c /IC:\opencv\build\include /IC:\opencv\build\include\opencv /nologo /W3 /WX- /O2 /Ob2 /Oy- /D WIN32 /D _WINDOWS /D NDEBUG /D _CRT_SECURE_NO_DEPRECATE /D "CMAKE_INTDIR=\"Release\"" /D _MBCS /Gm- /EHsc /MD /GS /fp:precise /Zc:wchar_t /Zc:forScope /GR /Fo"morphologySmartiesCounter.dir\Release\\" /Fd"morphologySmartiesCounter.dir\Release\vc100.pdb" /Gd /TP /analyze- /errorReport:prompt ..\..\..\src\morphologySmartiesCounter\morphologySmartiesCounterImplementation.cpp
         morphologySmartiesCounterImplementation.cpp
     1>..\..\..\src\morphologySmartiesCounter\morphologySmartiesCounterImplementation.cpp(70): warning C4018: '<' : signed/unsigned mismatch
     1>..\..\..\src\morphologySmartiesCounter\morphologySmartiesCounterImplementation.cpp(75): warning C4244: '=' : conversion from 'double' to 'int', possible loss of data
     1>..\..\..\src\morphologySmartiesCounter\morphologySmartiesCounterImplementation.cpp(97): warning C4305: 'initializing' : truncation from 'double' to 'float'
       Link:
         C:\Program Files (x86)\Microsoft Visual Studio 10.0\VC\bin\link.exe /ERRORREPORT:PROMPT /OUT:"C:\ACV\assignments\ACV-assignments\assignment1\build\Release\morphologySmartiesCounter.exe" /INCREMENTAL:NO /NOLOGO kernel32.lib user32.lib gdi32.lib winspool.lib shell32.lib ole32.lib oleaut32.lib uuid.lib comdlg32.lib advapi32.lib C:\opencv\build\x86\vc10\lib\opencv_videostab2410.lib C:\opencv\build\x86\vc10\lib\opencv_ts2410.lib C:\opencv\build\x86\vc10\lib\opencv_superres2410.lib C:\opencv\build\x86\vc10\lib\opencv_stitching2410.lib C:\opencv\build\x86\vc10\lib\opencv_contrib2410.lib C:\opencv\build\x86\vc10\lib\opencv_nonfree2410.lib C:\opencv\build\x86\vc10\lib\opencv_ocl2410.lib C:\opencv\build\x86\vc10\lib\opencv_gpu2410.lib C:\opencv\build\x86\vc10\lib\opencv_photo2410.lib C:\opencv\build\x86\vc10\lib\opencv_objdetect2410.lib C:\opencv\build\x86\vc10\lib\opencv_legacy2410.lib C:\opencv\build\x86\vc10\lib\opencv_video2410.lib C:\opencv\build\x86\vc10\lib\opencv_ml2410.lib C:\opencv\build\x86\vc10\lib\opencv_calib3d2410.lib C:\opencv\build\x86\vc10\lib\opencv_features2d2410.lib C:\opencv\build\x86\vc10\lib\opencv_highgui2410.lib C:\opencv\build\x86\vc10\lib\opencv_imgproc2410.lib C:\opencv\build\x86\vc10\lib\opencv_flann2410.lib C:\opencv\build\x86\vc10\lib\opencv_core2410.lib /NODEFAULTLIB:"libc;libcmt.lib;libcmtd.lib" /MANIFEST /ManifestFile:"morphologySmartiesCounter.dir\Release\morphologySmartiesCounter.exe.intermediate.manifest" /MANIFESTUAC:"level='asInvoker' uiAccess='false'" /PDB:"C:/ACV/assignments/ACV-assignments/assignment1/build/Release/morphologySmartiesCounter.pdb" /SUBSYSTEM:CONSOLE /TLBID:1 /DYNAMICBASE /NXCOMPAT /IMPLIB:"C:/ACV/assignments/ACV-assignments/assignment1/build/Release/morphologySmartiesCounter.lib" /MACHINE:X86 morphologySmartiesCounter.dir\Release\morphologySmartiesCounterApplication.obj
         morphologySmartiesCounter.dir\Release\morphologySmartiesCounterImplementation.obj  /machine:X86 
         morphologySmartiesCounter.vcxproj -> C:\ACV\assignments\ACV-assignments\assignment1\build\Release\morphologySmartiesCounter.exe
       Manifest:
         C:\Program Files (x86)\Microsoft SDKs\Windows\v7.0A\bin\mt.exe /nologo /verbose /outputresource:"C:\ACV\assignments\ACV-assignments\assignment1\build\Release\morphologySmartiesCounter.exe;#1" /manifest morphologySmartiesCounter.dir\Release\morphologySmartiesCounter.exe.intermediate.manifest
       FinalizeBuildStatus:
         Deleting file "morphologySmartiesCounter.dir\Release\morphologySmartiesCounter.unsuccessfulbuild".
         Touching "morphologySmartiesCounter.dir\Release\morphologySmartiesCounter.lastbuildstate".
     1>Done Building Project "C:\ACV\assignments\ACV-assignments\assignment1\build\src\morphologySmartiesCounter\morphologySmartiesCounter.vcxproj" (build target(s)).

Build succeeded.

Time Elapsed 00:00:01.22
