Build started 10/20/2017 4:39:42 PM.
     1>Project "C:\ACV\assignments\ACV-assignments\assignment2\build\INSTALL.vcxproj" on node 2 (build target(s)).
     1>InitializeBuildStatus:
         Creating "Win32\Release\INSTALL\INSTALL.unsuccessfulbuild" because "AlwaysCreate" was specified.
       PostBuildEvent:
         setlocal
         "C:\Program Files (x86)\CMake\bin\cmake.exe" -DBUILD_TYPE=Release -P cmake_install.cmake
         if %errorlevel% neq 0 goto :cmEnd
         :cmEnd
         endlocal & call :cmErrorLevel %errorlevel% & goto :cmDone
         :cmErrorLevel
         exit /b %1
         :cmDone
         if %errorlevel% neq 0 goto :VCEnd
         :VCEnd
         -- Install configuration: "Release"
         -- Up-to-date: C:/ACV/assignments/ACV-assignments/assignment2/bin/dmarew.exe
         -- Up-to-date: C:/ACV/assignments/ACV-assignments/assignment2/bin/test.exe
         -- Installing: C:/ACV/assignments/ACV-assignments/assignment2/bin/histogram.exe
       FinalizeBuildStatus:
         Deleting file "Win32\Release\INSTALL\INSTALL.unsuccessfulbuild".
         Touching "Win32\Release\INSTALL\INSTALL.lastbuildstate".
     1>Done Building Project "C:\ACV\assignments\ACV-assignments\assignment2\build\INSTALL.vcxproj" (build target(s)).

Build succeeded.

Time Elapsed 00:00:00.14
