Build started 11/7/2017 3:32:37 PM.
     1>Project "C:\ACV\assignments\ACV-assignments\assignment3\build\src\houghTransformLines\houghTransformLines.vcxproj" on node 2 (build target(s)).
     1>InitializeBuildStatus:
         Creating "houghTransformLines.dir\Release\houghTransformLines.unsuccessfulbuild" because "AlwaysCreate" was specified.
       CustomBuild:
         All outputs are up-to-date.
       ClCompile:
         C:\Program Files (x86)\Microsoft Visual Studio 10.0\VC\bin\CL.exe /c /IC:\opencv\build\include /IC:\opencv\build\include\opencv /nologo /W3 /WX- /O2 /Ob2 /Oy- /D WIN32 /D _WINDOWS /D NDEBUG /D _CRT_SECURE_NO_DEPRECATE /D "CMAKE_INTDIR=\"Release\"" /D _MBCS /Gm- /EHsc /MD /GS /fp:precise /Zc:wchar_t /Zc:forScope /GR /Fo"houghTransformLines.dir\Release\\" /Fd"houghTransformLines.dir\Release\vc100.pdb" /Gd /TP /analyze- /errorReport:prompt ..\..\..\src\houghTransformLines\houghTransformLineImplementation.cpp
         houghTransformLineImplementation.cpp
     1>..\..\..\src\houghTransformLines\houghTransformLineImplementation.cpp(97): warning C4244: '=' : conversion from 'int' to 'float', possible loss of data
     1>..\..\..\src\houghTransformLines\houghTransformLineImplementation.cpp(169): warning C4244: 'argument' : conversion from 'float' to 'int', possible loss of data
     1>..\..\..\src\houghTransformLines\houghTransformLineImplementation.cpp(169): warning C4244: 'argument' : conversion from 'float' to 'int', possible loss of data
     1>..\..\..\src\houghTransformLines\houghTransformLineImplementation.cpp(178): warning C4305: 'initializing' : truncation from 'double' to 'const float'
     1>..\..\..\src\houghTransformLines\houghTransformLineImplementation.cpp(182): warning C4018: '<' : signed/unsigned mismatch
     1>..\..\..\src\houghTransformLines\houghTransformLineImplementation.cpp(188): warning C4018: '<' : signed/unsigned mismatch
     1>..\..\..\src\houghTransformLines\houghTransformLineImplementation.cpp(193): warning C4101: 'currentLineTheta' : unreferenced local variable
     1>..\..\..\src\houghTransformLines\houghTransformLineImplementation.cpp(193): warning C4101: 'y0' : unreferenced local variable
     1>..\..\..\src\houghTransformLines\houghTransformLineImplementation.cpp(193): warning C4101: 'a' : unreferenced local variable
     1>..\..\..\src\houghTransformLines\houghTransformLineImplementation.cpp(193): warning C4101: 'currentLineRho' : unreferenced local variable
     1>..\..\..\src\houghTransformLines\houghTransformLineImplementation.cpp(193): warning C4101: 'b' : unreferenced local variable
     1>..\..\..\src\houghTransformLines\houghTransformLineImplementation.cpp(193): warning C4101: 'rho' : unreferenced local variable
     1>..\..\..\src\houghTransformLines\houghTransformLineImplementation.cpp(193): warning C4101: 'x0' : unreferenced local variable
     1>..\..\..\src\houghTransformLines\houghTransformLineImplementation.cpp(193): warning C4101: 'theta' : unreferenced local variable
     1>..\..\..\src\houghTransformLines\houghTransformLineImplementation.cpp(216): warning C4244: 'argument' : conversion from 'float' to 'unsigned int', possible loss of data
       Link:
         C:\Program Files (x86)\Microsoft Visual Studio 10.0\VC\bin\link.exe /ERRORREPORT:PROMPT /OUT:"C:\ACV\assignments\ACV-assignments\assignment3\build\Release\houghTransformLines.exe" /INCREMENTAL:NO /NOLOGO kernel32.lib user32.lib gdi32.lib winspool.lib shell32.lib ole32.lib oleaut32.lib uuid.lib comdlg32.lib advapi32.lib C:\opencv\build\x86\vc10\lib\opencv_videostab2410.lib C:\opencv\build\x86\vc10\lib\opencv_ts2410.lib C:\opencv\build\x86\vc10\lib\opencv_superres2410.lib C:\opencv\build\x86\vc10\lib\opencv_stitching2410.lib C:\opencv\build\x86\vc10\lib\opencv_contrib2410.lib C:\opencv\build\x86\vc10\lib\opencv_nonfree2410.lib C:\opencv\build\x86\vc10\lib\opencv_ocl2410.lib C:\opencv\build\x86\vc10\lib\opencv_gpu2410.lib C:\opencv\build\x86\vc10\lib\opencv_photo2410.lib C:\opencv\build\x86\vc10\lib\opencv_objdetect2410.lib C:\opencv\build\x86\vc10\lib\opencv_legacy2410.lib C:\opencv\build\x86\vc10\lib\opencv_video2410.lib C:\opencv\build\x86\vc10\lib\opencv_ml2410.lib C:\opencv\build\x86\vc10\lib\opencv_calib3d2410.lib C:\opencv\build\x86\vc10\lib\opencv_features2d2410.lib C:\opencv\build\x86\vc10\lib\opencv_highgui2410.lib C:\opencv\build\x86\vc10\lib\opencv_imgproc2410.lib C:\opencv\build\x86\vc10\lib\opencv_flann2410.lib C:\opencv\build\x86\vc10\lib\opencv_core2410.lib /NODEFAULTLIB:"libc;libcmt.lib;libcmtd.lib" /MANIFEST /ManifestFile:"houghTransformLines.dir\Release\houghTransformLines.exe.intermediate.manifest" /MANIFESTUAC:"level='asInvoker' uiAccess='false'" /PDB:"C:/ACV/assignments/ACV-assignments/assignment3/build/Release/houghTransformLines.pdb" /SUBSYSTEM:CONSOLE /TLBID:1 /DYNAMICBASE /NXCOMPAT /IMPLIB:"C:/ACV/assignments/ACV-assignments/assignment3/build/Release/houghTransformLines.lib" /MACHINE:X86 houghTransformLines.dir\Release\houghTransformLineImplementation.obj
         houghTransformLines.dir\Release\houghTransformLinesApplication.obj  /machine:X86 
         houghTransformLines.vcxproj -> C:\ACV\assignments\ACV-assignments\assignment3\build\Release\houghTransformLines.exe
       Manifest:
         C:\Program Files (x86)\Microsoft SDKs\Windows\v7.0A\bin\mt.exe /nologo /verbose /outputresource:"C:\ACV\assignments\ACV-assignments\assignment3\build\Release\houghTransformLines.exe;#1" /manifest houghTransformLines.dir\Release\houghTransformLines.exe.intermediate.manifest
       FinalizeBuildStatus:
         Deleting file "houghTransformLines.dir\Release\houghTransformLines.unsuccessfulbuild".
         Touching "houghTransformLines.dir\Release\houghTransformLines.lastbuildstate".
     1>Done Building Project "C:\ACV\assignments\ACV-assignments\assignment3\build\src\houghTransformLines\houghTransformLines.vcxproj" (build target(s)).

Build succeeded.

Time Elapsed 00:00:01.37
