Build started 10/10/2017 12:57:12 PM.
     1>Project "C:\ACV\assignments\ACV-assignments\assignment1\build\src\kmeansSmartiesCounter\kmeansSmartiesCounter.vcxproj" on node 2 (rebuild target(s)).
     1>_PrepareForClean:
         Deleting file "kmeansSmartiesCounter.dir\Release\kmeansSmartiesCounter.lastbuildstate".
       InitializeBuildStatus:
         Creating "kmeansSmartiesCounter.dir\Release\kmeansSmartiesCounter.unsuccessfulbuild" because "AlwaysCreate" was specified.
       CustomBuild:
         Building Custom Rule C:/ACV/assignments/ACV-assignments/assignment1/src/kmeansSmartiesCounter/CMakeLists.txt
         CMake does not need to re-run because C:\ACV\assignments\ACV-assignments\assignment1\build\src\kmeansSmartiesCounter\CMakeFiles\generate.stamp is up-to-date.
       ClCompile:
         C:\Program Files (x86)\Microsoft Visual Studio 10.0\VC\bin\CL.exe /c /IC:\opencv\build\include /IC:\opencv\build\include\opencv /nologo /W3 /WX- /O2 /Ob2 /Oy- /D WIN32 /D _WINDOWS /D NDEBUG /D _CRT_SECURE_NO_DEPRECATE /D "CMAKE_INTDIR=\"Release\"" /D _MBCS /Gm- /EHsc /MD /GS /fp:precise /Zc:wchar_t /Zc:forScope /GR /Fo"kmeansSmartiesCounter.dir\Release\\" /Fd"kmeansSmartiesCounter.dir\Release\vc100.pdb" /Gd /TP /analyze- /errorReport:prompt ..\..\..\src\kmeansSmartiesCounter\kmeansSmartiesCounterApplication.cpp ..\..\..\src\kmeansSmartiesCounter\kmeansSmartiesCounterImplementation.cpp
         kmeansSmartiesCounterApplication.cpp
     1>..\..\..\src\kmeansSmartiesCounter\kmeansSmartiesCounterApplication.cpp(25): warning C4101: 'fp_out' : unreferenced local variable
         kmeansSmartiesCounterImplementation.cpp
     1>..\..\..\src\kmeansSmartiesCounter\kmeansSmartiesCounterImplementation.cpp(135): warning C4018: '<' : signed/unsigned mismatch
     1>..\..\..\src\kmeansSmartiesCounter\kmeansSmartiesCounterImplementation.cpp(140): warning C4244: '=' : conversion from 'double' to 'int', possible loss of data
     1>..\..\..\src\kmeansSmartiesCounter\kmeansSmartiesCounterImplementation.cpp(162): warning C4305: 'initializing' : truncation from 'double' to 'float'
         Generating Code...
       Link:
         C:\Program Files (x86)\Microsoft Visual Studio 10.0\VC\bin\link.exe /ERRORREPORT:PROMPT /OUT:"C:\ACV\assignments\ACV-assignments\assignment1\build\Release\kmeansSmartiesCounter.exe" /INCREMENTAL:NO /NOLOGO kernel32.lib user32.lib gdi32.lib winspool.lib shell32.lib ole32.lib oleaut32.lib uuid.lib comdlg32.lib advapi32.lib C:\opencv\build\x86\vc10\lib\opencv_videostab2410.lib C:\opencv\build\x86\vc10\lib\opencv_ts2410.lib C:\opencv\build\x86\vc10\lib\opencv_superres2410.lib C:\opencv\build\x86\vc10\lib\opencv_stitching2410.lib C:\opencv\build\x86\vc10\lib\opencv_contrib2410.lib C:\opencv\build\x86\vc10\lib\opencv_nonfree2410.lib C:\opencv\build\x86\vc10\lib\opencv_ocl2410.lib C:\opencv\build\x86\vc10\lib\opencv_gpu2410.lib C:\opencv\build\x86\vc10\lib\opencv_photo2410.lib C:\opencv\build\x86\vc10\lib\opencv_objdetect2410.lib C:\opencv\build\x86\vc10\lib\opencv_legacy2410.lib C:\opencv\build\x86\vc10\lib\opencv_video2410.lib C:\opencv\build\x86\vc10\lib\opencv_ml2410.lib C:\opencv\build\x86\vc10\lib\opencv_calib3d2410.lib C:\opencv\build\x86\vc10\lib\opencv_features2d2410.lib C:\opencv\build\x86\vc10\lib\opencv_highgui2410.lib C:\opencv\build\x86\vc10\lib\opencv_imgproc2410.lib C:\opencv\build\x86\vc10\lib\opencv_flann2410.lib C:\opencv\build\x86\vc10\lib\opencv_core2410.lib /NODEFAULTLIB:"libc;libcmt.lib;libcmtd.lib" /MANIFEST /ManifestFile:"kmeansSmartiesCounter.dir\Release\kmeansSmartiesCounter.exe.intermediate.manifest" /MANIFESTUAC:"level='asInvoker' uiAccess='false'" /PDB:"C:/ACV/assignments/ACV-assignments/assignment1/build/Release/kmeansSmartiesCounter.pdb" /SUBSYSTEM:CONSOLE /TLBID:1 /DYNAMICBASE /NXCOMPAT /IMPLIB:"C:/ACV/assignments/ACV-assignments/assignment1/build/Release/kmeansSmartiesCounter.lib" /MACHINE:X86 kmeansSmartiesCounter.dir\Release\kmeansSmartiesCounterApplication.obj
         kmeansSmartiesCounter.dir\Release\kmeansSmartiesCounterImplementation.obj  /machine:X86 
         kmeansSmartiesCounter.vcxproj -> C:\ACV\assignments\ACV-assignments\assignment1\build\Release\kmeansSmartiesCounter.exe
       Manifest:
         C:\Program Files (x86)\Microsoft SDKs\Windows\v7.0A\bin\mt.exe /nologo /verbose /outputresource:"C:\ACV\assignments\ACV-assignments\assignment1\build\Release\kmeansSmartiesCounter.exe;#1" /manifest kmeansSmartiesCounter.dir\Release\kmeansSmartiesCounter.exe.intermediate.manifest
       FinalizeBuildStatus:
         Deleting file "kmeansSmartiesCounter.dir\Release\kmeansSmartiesCounter.unsuccessfulbuild".
         Touching "kmeansSmartiesCounter.dir\Release\kmeansSmartiesCounter.lastbuildstate".
     1>Done Building Project "C:\ACV\assignments\ACV-assignments\assignment1\build\src\kmeansSmartiesCounter\kmeansSmartiesCounter.vcxproj" (rebuild target(s)).

Build succeeded.

Time Elapsed 00:00:05.00
