C:\ACV\ASSIGNMENTS\ACV-ASSIGNMENTS\ASSIGNMENT1\BUILD\DEBUG\COLOURSEGMENTATION.EXE
C:\ACV\ASSIGNMENTS\ACV-ASSIGNMENTS\ASSIGNMENT1\BUILD\DEBUG\COLOURSEGMENTATION.ILK
C:\ACV\ASSIGNMENTS\ACV-ASSIGNMENTS\ASSIGNMENT1\BUILD\DEBUG\COLOURSEGMENTATION.PDB
C:\ACV\ASSIGNMENTS\ACV-ASSIGNMENTS\ASSIGNMENT1\BUILD\SRC\COLOURSEGMENTATION\CMAKEFILES\GENERATE.STAMP
C:\ACV\assignments\ACV-assignments\assignment1\build\src\colourSegmentation\colourSegmentation.dir\Debug\cl.command.1.tlog
C:\ACV\assignments\ACV-assignments\assignment1\build\src\colourSegmentation\colourSegmentation.dir\Debug\CL.read.1.tlog
C:\ACV\assignments\ACV-assignments\assignment1\build\src\colourSegmentation\colourSegmentation.dir\Debug\CL.write.1.tlog
C:\ACV\ASSIGNMENTS\ACV-ASSIGNMENTS\ASSIGNMENT1\BUILD\SRC\COLOURSEGMENTATION\COLOURSEGMENTATION.DIR\DEBUG\COLOURSEGMENTATION.EXE.EMBED.MANIFEST
C:\ACV\ASSIGNMENTS\ACV-ASSIGNMENTS\ASSIGNMENT1\BUILD\SRC\COLOURSEGMENTATION\COLOURSEGMENTATION.DIR\DEBUG\COLOURSEGMENTATION.EXE.EMBED.MANIFEST.RES
C:\ACV\ASSIGNMENTS\ACV-ASSIGNMENTS\ASSIGNMENT1\BUILD\SRC\COLOURSEGMENTATION\COLOURSEGMENTATION.DIR\DEBUG\COLOURSEGMENTATION.EXE.INTERMEDIATE.MANIFEST
C:\ACV\assignments\ACV-assignments\assignment1\build\src\colourSegmentation\colourSegmentation.dir\Debug\colourSegmentation.vcxprojResolveAssemblyReference.cache
C:\ACV\assignments\ACV-assignments\assignment1\build\src\colourSegmentation\colourSegmentation.dir\Debug\colourSegmentation.write.1.tlog
C:\ACV\assignments\ACV-assignments\assignment1\build\src\colourSegmentation\colourSegmentation.dir\Debug\colourSegmentation_manifest.rc
C:\ACV\ASSIGNMENTS\ACV-ASSIGNMENTS\ASSIGNMENT1\BUILD\SRC\COLOURSEGMENTATION\COLOURSEGMENTATION.DIR\DEBUG\COLOURSEGMENTATIONAPPLICATION.OBJ
C:\ACV\ASSIGNMENTS\ACV-ASSIGNMENTS\ASSIGNMENT1\BUILD\SRC\COLOURSEGMENTATION\COLOURSEGMENTATION.DIR\DEBUG\COLOURSEGMENTATIONIMPLEMENTATION.OBJ
C:\ACV\assignments\ACV-assignments\assignment1\build\src\colourSegmentation\colourSegmentation.dir\Debug\custombuild.command.1.tlog
C:\ACV\assignments\ACV-assignments\assignment1\build\src\colourSegmentation\colourSegmentation.dir\Debug\custombuild.read.1.tlog
C:\ACV\assignments\ACV-assignments\assignment1\build\src\colourSegmentation\colourSegmentation.dir\Debug\custombuild.write.1.tlog
C:\ACV\assignments\ACV-assignments\assignment1\build\src\colourSegmentation\colourSegmentation.dir\Debug\link.10688.read.1.tlog
C:\ACV\assignments\ACV-assignments\assignment1\build\src\colourSegmentation\colourSegmentation.dir\Debug\link.10688.write.1.tlog
C:\ACV\assignments\ACV-assignments\assignment1\build\src\colourSegmentation\colourSegmentation.dir\Debug\link.10688-cvtres.read.1.tlog
C:\ACV\assignments\ACV-assignments\assignment1\build\src\colourSegmentation\colourSegmentation.dir\Debug\link.10688-cvtres.write.1.tlog
C:\ACV\assignments\ACV-assignments\assignment1\build\src\colourSegmentation\colourSegmentation.dir\Debug\link.12888.read.1.tlog
C:\ACV\assignments\ACV-assignments\assignment1\build\src\colourSegmentation\colourSegmentation.dir\Debug\link.12888.write.1.tlog
C:\ACV\assignments\ACV-assignments\assignment1\build\src\colourSegmentation\colourSegmentation.dir\Debug\link.12888-cvtres.read.1.tlog
C:\ACV\assignments\ACV-assignments\assignment1\build\src\colourSegmentation\colourSegmentation.dir\Debug\link.12888-cvtres.write.1.tlog
C:\ACV\assignments\ACV-assignments\assignment1\build\src\colourSegmentation\colourSegmentation.dir\Debug\link.13772.read.1.tlog
C:\ACV\assignments\ACV-assignments\assignment1\build\src\colourSegmentation\colourSegmentation.dir\Debug\link.13772.write.1.tlog
C:\ACV\assignments\ACV-assignments\assignment1\build\src\colourSegmentation\colourSegmentation.dir\Debug\link.13772-cvtres.read.1.tlog
C:\ACV\assignments\ACV-assignments\assignment1\build\src\colourSegmentation\colourSegmentation.dir\Debug\link.13772-cvtres.write.1.tlog
C:\ACV\assignments\ACV-assignments\assignment1\build\src\colourSegmentation\colourSegmentation.dir\Debug\link.6468.read.1.tlog
C:\ACV\assignments\ACV-assignments\assignment1\build\src\colourSegmentation\colourSegmentation.dir\Debug\link.6468.write.1.tlog
C:\ACV\assignments\ACV-assignments\assignment1\build\src\colourSegmentation\colourSegmentation.dir\Debug\link.6468-cvtres.read.1.tlog
C:\ACV\assignments\ACV-assignments\assignment1\build\src\colourSegmentation\colourSegmentation.dir\Debug\link.6468-cvtres.write.1.tlog
C:\ACV\assignments\ACV-assignments\assignment1\build\src\colourSegmentation\colourSegmentation.dir\Debug\link.command.1.tlog
C:\ACV\assignments\ACV-assignments\assignment1\build\src\colourSegmentation\colourSegmentation.dir\Debug\link.read.1.tlog
C:\ACV\assignments\ACV-assignments\assignment1\build\src\colourSegmentation\colourSegmentation.dir\Debug\link.write.1.tlog
C:\ACV\assignments\ACV-assignments\assignment1\build\src\colourSegmentation\colourSegmentation.dir\Debug\link-cvtres.read.1.tlog
C:\ACV\assignments\ACV-assignments\assignment1\build\src\colourSegmentation\colourSegmentation.dir\Debug\link-cvtres.write.1.tlog
C:\ACV\assignments\ACV-assignments\assignment1\build\src\colourSegmentation\colourSegmentation.dir\Debug\mt.command.1.tlog
C:\ACV\assignments\ACV-assignments\assignment1\build\src\colourSegmentation\colourSegmentation.dir\Debug\mt.read.1.tlog
C:\ACV\assignments\ACV-assignments\assignment1\build\src\colourSegmentation\colourSegmentation.dir\Debug\mt.write.1.tlog
C:\ACV\assignments\ACV-assignments\assignment1\build\src\colourSegmentation\colourSegmentation.dir\Debug\rc.command.1.tlog
C:\ACV\assignments\ACV-assignments\assignment1\build\src\colourSegmentation\colourSegmentation.dir\Debug\rc.read.1.tlog
C:\ACV\assignments\ACV-assignments\assignment1\build\src\colourSegmentation\colourSegmentation.dir\Debug\rc.write.1.tlog
C:\ACV\ASSIGNMENTS\ACV-ASSIGNMENTS\ASSIGNMENT1\BUILD\SRC\COLOURSEGMENTATION\COLOURSEGMENTATION.DIR\DEBUG\VC100.PDB
