Build started 10/24/2017 2:31:21 PM.
     1>Project "C:\ACV\assignments\ACV-assignments\assignment2\build\src\firstAttempt\firstAttempt.vcxproj" on node 2 (rebuild target(s)).
     1>_PrepareForClean:
         Deleting file "firstAttempt.dir\Release\firstAttempt.lastbuildstate".
       InitializeBuildStatus:
         Creating "firstAttempt.dir\Release\firstAttempt.unsuccessfulbuild" because "AlwaysCreate" was specified.
       CustomBuild:
         Building Custom Rule C:/ACV/assignments/ACV-assignments/assignment2/src/firstAttempt/CMakeLists.txt
         CMake does not need to re-run because C:\ACV\assignments\ACV-assignments\assignment2\build\src\firstAttempt\CMakeFiles\generate.stamp is up-to-date.
       ClCompile:
         C:\Program Files (x86)\Microsoft Visual Studio 10.0\VC\bin\CL.exe /c /IC:\opencv\build\include /IC:\opencv\build\include\opencv /nologo /W3 /WX- /O2 /Ob2 /Oy- /D WIN32 /D _WINDOWS /D NDEBUG /D _CRT_SECURE_NO_DEPRECATE /D "CMAKE_INTDIR=\"Release\"" /D _MBCS /Gm- /EHsc /MD /GS /fp:precise /Zc:wchar_t /Zc:forScope /GR /Fo"firstAttempt.dir\Release\\" /Fd"firstAttempt.dir\Release\vc100.pdb" /Gd /TP /analyze- /errorReport:prompt ..\..\..\src\firstAttempt\defectiveSweetsCounterApplication.cpp ..\..\..\src\firstAttempt\defectiveSweetsCounterImplementation.cpp
         defectiveSweetsCounterApplication.cpp
         defectiveSweetsCounterImplementation.cpp
     1>..\..\..\src\firstAttempt\defectiveSweetsCounterImplementation.cpp(209): warning C4018: '<' : signed/unsigned mismatch
     1>..\..\..\src\firstAttempt\defectiveSweetsCounterImplementation.cpp(241): warning C4018: '<' : signed/unsigned mismatch
     1>..\..\..\src\firstAttempt\defectiveSweetsCounterImplementation.cpp(245): warning C4018: '<' : signed/unsigned mismatch
     1>..\..\..\src\firstAttempt\defectiveSweetsCounterImplementation.cpp(246): warning C4244: 'argument' : conversion from 'double' to 'float', possible loss of data
     1>..\..\..\src\firstAttempt\defectiveSweetsCounterImplementation.cpp(246): warning C4244: 'argument' : conversion from 'double' to 'float', possible loss of data
         Generating Code...
       Link:
         C:\Program Files (x86)\Microsoft Visual Studio 10.0\VC\bin\link.exe /ERRORREPORT:PROMPT /OUT:"C:\ACV\assignments\ACV-assignments\assignment2\build\Release\firstAttempt.exe" /INCREMENTAL:NO /NOLOGO kernel32.lib user32.lib gdi32.lib winspool.lib shell32.lib ole32.lib oleaut32.lib uuid.lib comdlg32.lib advapi32.lib C:\opencv\build\x86\vc10\lib\opencv_videostab2410.lib C:\opencv\build\x86\vc10\lib\opencv_ts2410.lib C:\opencv\build\x86\vc10\lib\opencv_superres2410.lib C:\opencv\build\x86\vc10\lib\opencv_stitching2410.lib C:\opencv\build\x86\vc10\lib\opencv_contrib2410.lib C:\opencv\build\x86\vc10\lib\opencv_nonfree2410.lib C:\opencv\build\x86\vc10\lib\opencv_ocl2410.lib C:\opencv\build\x86\vc10\lib\opencv_gpu2410.lib C:\opencv\build\x86\vc10\lib\opencv_photo2410.lib C:\opencv\build\x86\vc10\lib\opencv_objdetect2410.lib C:\opencv\build\x86\vc10\lib\opencv_legacy2410.lib C:\opencv\build\x86\vc10\lib\opencv_video2410.lib C:\opencv\build\x86\vc10\lib\opencv_ml2410.lib C:\opencv\build\x86\vc10\lib\opencv_calib3d2410.lib C:\opencv\build\x86\vc10\lib\opencv_features2d2410.lib C:\opencv\build\x86\vc10\lib\opencv_highgui2410.lib C:\opencv\build\x86\vc10\lib\opencv_imgproc2410.lib C:\opencv\build\x86\vc10\lib\opencv_flann2410.lib C:\opencv\build\x86\vc10\lib\opencv_core2410.lib /NODEFAULTLIB:"libc;libcmt.lib;libcmtd.lib" /MANIFEST /ManifestFile:"firstAttempt.dir\Release\firstAttempt.exe.intermediate.manifest" /MANIFESTUAC:"level='asInvoker' uiAccess='false'" /PDB:"C:/ACV/assignments/ACV-assignments/assignment2/build/Release/firstAttempt.pdb" /SUBSYSTEM:CONSOLE /TLBID:1 /DYNAMICBASE /NXCOMPAT /IMPLIB:"C:/ACV/assignments/ACV-assignments/assignment2/build/Release/firstAttempt.lib" /MACHINE:X86 firstAttempt.dir\Release\defectiveSweetsCounterApplication.obj
         firstAttempt.dir\Release\defectiveSweetsCounterImplementation.obj  /machine:X86 
         firstAttempt.vcxproj -> C:\ACV\assignments\ACV-assignments\assignment2\build\Release\firstAttempt.exe
       Manifest:
         C:\Program Files (x86)\Microsoft SDKs\Windows\v7.0A\bin\mt.exe /nologo /verbose /outputresource:"C:\ACV\assignments\ACV-assignments\assignment2\build\Release\firstAttempt.exe;#1" /manifest firstAttempt.dir\Release\firstAttempt.exe.intermediate.manifest
       FinalizeBuildStatus:
         Deleting file "firstAttempt.dir\Release\firstAttempt.unsuccessfulbuild".
         Touching "firstAttempt.dir\Release\firstAttempt.lastbuildstate".
     1>Done Building Project "C:\ACV\assignments\ACV-assignments\assignment2\build\src\firstAttempt\firstAttempt.vcxproj" (rebuild target(s)).

Build succeeded.

Time Elapsed 00:00:03.89
