Build started 10/11/2017 1:11:08 PM.
     1>Project "C:\ACV\assignments\ACV-assignments\assignment1\build\src\morphologySmartiesCounter\morphologySmartiesCounter.vcxproj" on node 5 (build target(s)).
     1>InitializeBuildStatus:
         Creating "morphologySmartiesCounter.dir\Debug\morphologySmartiesCounter.unsuccessfulbuild" because "AlwaysCreate" was specified.
       CustomBuild:
         Building Custom Rule C:/ACV/assignments/ACV-assignments/assignment1/src/morphologySmartiesCounter/CMakeLists.txt
         CMake does not need to re-run because C:\ACV\assignments\ACV-assignments\assignment1\build\src\morphologySmartiesCounter\CMakeFiles\generate.stamp is up-to-date.
       MakeDirsForCl:
         Creating directory "C:\ACV\assignments\ACV-assignments\assignment1\build\src\morphologySmartiesCounter\Debug".
       ClCompile:
         C:\Program Files (x86)\Microsoft Visual Studio 10.0\VC\bin\CL.exe /c /IC:\opencv\build\include /IC:\opencv\build\include\opencv /Zi /nologo /W3 /WX- /Od /Ob0 /Oy- /D WIN32 /D _WINDOWS /D _DEBUG /D _CRT_SECURE_NO_DEPRECATE /D "CMAKE_INTDIR=\"Debug\"" /D _MBCS /Gm- /EHsc /RTC1 /MDd /GS /fp:precise /Zc:wchar_t /Zc:forScope /GR /Fo"morphologySmartiesCounter.dir\Debug\\" /Fd"morphologySmartiesCounter.dir\Debug\vc100.pdb" /Gd /TP /analyze- /errorReport:prompt ..\..\..\src\morphologySmartiesCounter\morphologySmartiesCounterApplication.cpp ..\..\..\src\morphologySmartiesCounter\morphologySmartiesCounterImplementation.cpp
         morphologySmartiesCounterApplication.cpp
         morphologySmartiesCounterImplementation.cpp
     1>..\..\..\src\morphologySmartiesCounter\morphologySmartiesCounterImplementation.cpp(115): warning C4018: '<' : signed/unsigned mismatch
     1>..\..\..\src\morphologySmartiesCounter\morphologySmartiesCounterImplementation.cpp(120): warning C4244: '=' : conversion from 'double' to 'int', possible loss of data
     1>..\..\..\src\morphologySmartiesCounter\morphologySmartiesCounterImplementation.cpp(138): warning C4305: 'initializing' : truncation from 'double' to 'float'
         Generating Code...
       ManifestResourceCompile:
         C:\Program Files (x86)\Microsoft SDKs\Windows\v7.0A\bin\rc.exe /nologo /fo"morphologySmartiesCounter.dir\Debug\morphologySmartiesCounter.exe.embed.manifest.res" morphologySmartiesCounter.dir\Debug\morphologySmartiesCounter_manifest.rc 
       Link:
         C:\Program Files (x86)\Microsoft Visual Studio 10.0\VC\bin\link.exe /ERRORREPORT:PROMPT /OUT:"C:\ACV\assignments\ACV-assignments\assignment1\build\Debug\morphologySmartiesCounter.exe" /INCREMENTAL /NOLOGO kernel32.lib user32.lib gdi32.lib winspool.lib shell32.lib ole32.lib oleaut32.lib uuid.lib comdlg32.lib advapi32.lib C:\opencv\build\x86\vc10\lib\opencv_videostab2410d.lib C:\opencv\build\x86\vc10\lib\opencv_ts2410d.lib C:\opencv\build\x86\vc10\lib\opencv_superres2410d.lib C:\opencv\build\x86\vc10\lib\opencv_stitching2410d.lib C:\opencv\build\x86\vc10\lib\opencv_contrib2410d.lib C:\opencv\build\x86\vc10\lib\opencv_nonfree2410d.lib C:\opencv\build\x86\vc10\lib\opencv_ocl2410d.lib C:\opencv\build\x86\vc10\lib\opencv_gpu2410d.lib C:\opencv\build\x86\vc10\lib\opencv_photo2410d.lib C:\opencv\build\x86\vc10\lib\opencv_objdetect2410d.lib C:\opencv\build\x86\vc10\lib\opencv_legacy2410d.lib C:\opencv\build\x86\vc10\lib\opencv_video2410d.lib C:\opencv\build\x86\vc10\lib\opencv_ml2410d.lib C:\opencv\build\x86\vc10\lib\opencv_calib3d2410d.lib C:\opencv\build\x86\vc10\lib\opencv_features2d2410d.lib C:\opencv\build\x86\vc10\lib\opencv_highgui2410d.lib C:\opencv\build\x86\vc10\lib\opencv_imgproc2410d.lib C:\opencv\build\x86\vc10\lib\opencv_flann2410d.lib C:\opencv\build\x86\vc10\lib\opencv_core2410d.lib /NODEFAULTLIB:"libc;libcmt.lib;libcmtd.lib" /MANIFEST /ManifestFile:"morphologySmartiesCounter.dir\Debug\morphologySmartiesCounter.exe.intermediate.manifest" /MANIFESTUAC:"level='asInvoker' uiAccess='false'" /DEBUG /PDB:"C:/ACV/assignments/ACV-assignments/assignment1/build/Debug/morphologySmartiesCounter.pdb" /SUBSYSTEM:CONSOLE /TLBID:1 /DYNAMICBASE /NXCOMPAT /IMPLIB:"C:/ACV/assignments/ACV-assignments/assignment1/build/Debug/morphologySmartiesCounter.lib" /MACHINE:X86 morphologySmartiesCounter.dir\Debug\morphologySmartiesCounter.exe.embed.manifest.res
         morphologySmartiesCounter.dir\Debug\morphologySmartiesCounterApplication.obj
         morphologySmartiesCounter.dir\Debug\morphologySmartiesCounterImplementation.obj  /machine:X86 
       Manifest:
         C:\Program Files (x86)\Microsoft SDKs\Windows\v7.0A\bin\mt.exe /nologo /verbose /out:"morphologySmartiesCounter.dir\Debug\morphologySmartiesCounter.exe.embed.manifest" /manifest morphologySmartiesCounter.dir\Debug\morphologySmartiesCounter.exe.intermediate.manifest
         C:\Program Files (x86)\Microsoft SDKs\Windows\v7.0A\bin\rc.exe /nologo /fo"morphologySmartiesCounter.dir\Debug\morphologySmartiesCounter.exe.embed.manifest.res" morphologySmartiesCounter.dir\Debug\morphologySmartiesCounter_manifest.rc 
       LinkEmbedManifest:
         C:\Program Files (x86)\Microsoft Visual Studio 10.0\VC\bin\link.exe /ERRORREPORT:PROMPT /OUT:"C:\ACV\assignments\ACV-assignments\assignment1\build\Debug\morphologySmartiesCounter.exe" /INCREMENTAL /NOLOGO kernel32.lib user32.lib gdi32.lib winspool.lib shell32.lib ole32.lib oleaut32.lib uuid.lib comdlg32.lib advapi32.lib C:\opencv\build\x86\vc10\lib\opencv_videostab2410d.lib C:\opencv\build\x86\vc10\lib\opencv_ts2410d.lib C:\opencv\build\x86\vc10\lib\opencv_superres2410d.lib C:\opencv\build\x86\vc10\lib\opencv_stitching2410d.lib C:\opencv\build\x86\vc10\lib\opencv_contrib2410d.lib C:\opencv\build\x86\vc10\lib\opencv_nonfree2410d.lib C:\opencv\build\x86\vc10\lib\opencv_ocl2410d.lib C:\opencv\build\x86\vc10\lib\opencv_gpu2410d.lib C:\opencv\build\x86\vc10\lib\opencv_photo2410d.lib C:\opencv\build\x86\vc10\lib\opencv_objdetect2410d.lib C:\opencv\build\x86\vc10\lib\opencv_legacy2410d.lib C:\opencv\build\x86\vc10\lib\opencv_video2410d.lib C:\opencv\build\x86\vc10\lib\opencv_ml2410d.lib C:\opencv\build\x86\vc10\lib\opencv_calib3d2410d.lib C:\opencv\build\x86\vc10\lib\opencv_features2d2410d.lib C:\opencv\build\x86\vc10\lib\opencv_highgui2410d.lib C:\opencv\build\x86\vc10\lib\opencv_imgproc2410d.lib C:\opencv\build\x86\vc10\lib\opencv_flann2410d.lib C:\opencv\build\x86\vc10\lib\opencv_core2410d.lib /NODEFAULTLIB:"libc;libcmt.lib;libcmtd.lib" /MANIFEST /ManifestFile:"morphologySmartiesCounter.dir\Debug\morphologySmartiesCounter.exe.intermediate.manifest" /MANIFESTUAC:"level='asInvoker' uiAccess='false'" /DEBUG /PDB:"C:/ACV/assignments/ACV-assignments/assignment1/build/Debug/morphologySmartiesCounter.pdb" /SUBSYSTEM:CONSOLE /TLBID:1 /DYNAMICBASE /NXCOMPAT /IMPLIB:"C:/ACV/assignments/ACV-assignments/assignment1/build/Debug/morphologySmartiesCounter.lib" /MACHINE:X86 morphologySmartiesCounter.dir\Debug\morphologySmartiesCounter.exe.embed.manifest.res
         morphologySmartiesCounter.dir\Debug\morphologySmartiesCounterApplication.obj
         morphologySmartiesCounter.dir\Debug\morphologySmartiesCounterImplementation.obj  /machine:X86 
         morphologySmartiesCounter.vcxproj -> C:\ACV\assignments\ACV-assignments\assignment1\build\Debug\morphologySmartiesCounter.exe
       FinalizeBuildStatus:
         Deleting file "morphologySmartiesCounter.dir\Debug\morphologySmartiesCounter.unsuccessfulbuild".
         Touching "morphologySmartiesCounter.dir\Debug\morphologySmartiesCounter.lastbuildstate".
     1>Done Building Project "C:\ACV\assignments\ACV-assignments\assignment1\build\src\morphologySmartiesCounter\morphologySmartiesCounter.vcxproj" (build target(s)).

Build succeeded.

Time Elapsed 00:00:03.01
