Build started 10/4/2017 12:23:05 PM.
     1>Project "C:\ACV\assignments\ACV-assignments\assignment1\build\src\dmarew\dmarew.vcxproj" on node 3 (build target(s)).
     1>InitializeBuildStatus:
         Creating "dmarew.dir\Debug\dmarew.unsuccessfulbuild" because "AlwaysCreate" was specified.
       CustomBuild:
         All outputs are up-to-date.
       ClCompile:
         C:\Program Files (x86)\Microsoft Visual Studio 10.0\VC\bin\CL.exe /c /IC:\opencv\build\include /IC:\opencv\build\include\opencv /Zi /nologo /W3 /WX- /Od /Ob0 /Oy- /D WIN32 /D _WINDOWS /D _DEBUG /D _CRT_SECURE_NO_DEPRECATE /D "CMAKE_INTDIR=\"Debug\"" /D _MBCS /Gm- /EHsc /RTC1 /MDd /GS /fp:precise /Zc:wchar_t /Zc:forScope /GR /Fo"dmarew.dir\Debug\\" /Fd"dmarew.dir\Debug\vc100.pdb" /Gd /TP /analyze- /errorReport:prompt ..\..\..\src\dmarew\countingSmartiesImplementation.cpp
         countingSmartiesImplementation.cpp
     1>..\..\..\src\dmarew\countingSmartiesImplementation.cpp(44): warning C4018: '<' : signed/unsigned mismatch
     1>..\..\..\src\dmarew\countingSmartiesImplementation.cpp(49): warning C4244: '=' : conversion from 'double' to 'int', possible loss of data
       ManifestResourceCompile:
         All outputs are up-to-date.
       Link:
         C:\Program Files (x86)\Microsoft Visual Studio 10.0\VC\bin\link.exe /ERRORREPORT:PROMPT /OUT:"C:\ACV\assignments\ACV-assignments\assignment1\build\Debug\dmarew.exe" /INCREMENTAL /NOLOGO kernel32.lib user32.lib gdi32.lib winspool.lib shell32.lib ole32.lib oleaut32.lib uuid.lib comdlg32.lib advapi32.lib C:\opencv\build\x86\vc10\lib\opencv_videostab2410d.lib C:\opencv\build\x86\vc10\lib\opencv_ts2410d.lib C:\opencv\build\x86\vc10\lib\opencv_superres2410d.lib C:\opencv\build\x86\vc10\lib\opencv_stitching2410d.lib C:\opencv\build\x86\vc10\lib\opencv_contrib2410d.lib C:\opencv\build\x86\vc10\lib\opencv_nonfree2410d.lib C:\opencv\build\x86\vc10\lib\opencv_ocl2410d.lib C:\opencv\build\x86\vc10\lib\opencv_gpu2410d.lib C:\opencv\build\x86\vc10\lib\opencv_photo2410d.lib C:\opencv\build\x86\vc10\lib\opencv_objdetect2410d.lib C:\opencv\build\x86\vc10\lib\opencv_legacy2410d.lib C:\opencv\build\x86\vc10\lib\opencv_video2410d.lib C:\opencv\build\x86\vc10\lib\opencv_ml2410d.lib C:\opencv\build\x86\vc10\lib\opencv_calib3d2410d.lib C:\opencv\build\x86\vc10\lib\opencv_features2d2410d.lib C:\opencv\build\x86\vc10\lib\opencv_highgui2410d.lib C:\opencv\build\x86\vc10\lib\opencv_imgproc2410d.lib C:\opencv\build\x86\vc10\lib\opencv_flann2410d.lib C:\opencv\build\x86\vc10\lib\opencv_core2410d.lib /NODEFAULTLIB:"libc;libcmt.lib;libcmtd.lib" /MANIFEST /ManifestFile:"dmarew.dir\Debug\dmarew.exe.intermediate.manifest" /MANIFESTUAC:"level='asInvoker' uiAccess='false'" /DEBUG /PDB:"C:/ACV/assignments/ACV-assignments/assignment1/build/Debug/dmarew.pdb" /SUBSYSTEM:CONSOLE /TLBID:1 /DYNAMICBASE /NXCOMPAT /IMPLIB:"C:/ACV/assignments/ACV-assignments/assignment1/build/Debug/dmarew.lib" /MACHINE:X86 dmarew.dir\Debug\dmarew.exe.embed.manifest.res
         dmarew.dir\Debug\countingSmartiesApplication.obj
         dmarew.dir\Debug\countingSmartiesImplementation.obj  /machine:X86 
       Manifest:
         C:\Program Files (x86)\Microsoft SDKs\Windows\v7.0A\bin\mt.exe /nologo /verbose /out:"dmarew.dir\Debug\dmarew.exe.embed.manifest" /manifest dmarew.dir\Debug\dmarew.exe.intermediate.manifest
         All outputs are up-to-date.
       LinkEmbedManifest:
         All outputs are up-to-date.
         dmarew.vcxproj -> C:\ACV\assignments\ACV-assignments\assignment1\build\Debug\dmarew.exe
       FinalizeBuildStatus:
         Deleting file "dmarew.dir\Debug\dmarew.unsuccessfulbuild".
         Touching "dmarew.dir\Debug\dmarew.lastbuildstate".
     1>Done Building Project "C:\ACV\assignments\ACV-assignments\assignment1\build\src\dmarew\dmarew.vcxproj" (build target(s)).

Build succeeded.

Time Elapsed 00:00:07.11
