Build started 10/4/2017 12:25:21 PM.
     1>Project "C:\ACV\assignments\ACV-assignments\assignment1\build\src\watershed_and_distance_transform\watershed_and_distance_transform.vcxproj" on node 2 (build target(s)).
     1>InitializeBuildStatus:
         Touching "watershed_and_distance_transform.dir\Debug\watershed_and_distance_transform.unsuccessfulbuild".
       CustomBuild:
         All outputs are up-to-date.
       ClCompile:
         C:\Program Files (x86)\Microsoft Visual Studio 10.0\VC\bin\CL.exe /c /IC:\opencv\build\include /IC:\opencv\build\include\opencv /Zi /nologo /W3 /WX- /Od /Ob0 /Oy- /D WIN32 /D _WINDOWS /D _DEBUG /D _CRT_SECURE_NO_DEPRECATE /D "CMAKE_INTDIR=\"Debug\"" /D _MBCS /Gm- /EHsc /RTC1 /MDd /GS /fp:precise /Zc:wchar_t /Zc:forScope /GR /Fo"watershed_and_distance_transform.dir\Debug\\" /Fd"watershed_and_distance_transform.dir\Debug\vc100.pdb" /Gd /TP /analyze- /errorReport:prompt ..\..\..\src\watershed_and_distance_transform\main.cpp
         main.cpp
       ManifestResourceCompile:
         C:\Program Files (x86)\Microsoft SDKs\Windows\v7.0A\bin\rc.exe /nologo /fo"watershed_and_distance_transform.dir\Debug\watershed_and_distance_transform.exe.embed.manifest.res" watershed_and_distance_transform.dir\Debug\watershed_and_distance_transform_manifest.rc 
       Link:
         C:\Program Files (x86)\Microsoft Visual Studio 10.0\VC\bin\link.exe /ERRORREPORT:PROMPT /OUT:"C:\ACV\assignments\ACV-assignments\assignment1\build\Debug\watershed_and_distance_transform.exe" /INCREMENTAL /NOLOGO kernel32.lib user32.lib gdi32.lib winspool.lib shell32.lib ole32.lib oleaut32.lib uuid.lib comdlg32.lib advapi32.lib C:\opencv\build\x86\vc10\lib\opencv_videostab2410d.lib C:\opencv\build\x86\vc10\lib\opencv_ts2410d.lib C:\opencv\build\x86\vc10\lib\opencv_superres2410d.lib C:\opencv\build\x86\vc10\lib\opencv_stitching2410d.lib C:\opencv\build\x86\vc10\lib\opencv_contrib2410d.lib C:\opencv\build\x86\vc10\lib\opencv_nonfree2410d.lib C:\opencv\build\x86\vc10\lib\opencv_ocl2410d.lib C:\opencv\build\x86\vc10\lib\opencv_gpu2410d.lib C:\opencv\build\x86\vc10\lib\opencv_photo2410d.lib C:\opencv\build\x86\vc10\lib\opencv_objdetect2410d.lib C:\opencv\build\x86\vc10\lib\opencv_legacy2410d.lib C:\opencv\build\x86\vc10\lib\opencv_video2410d.lib C:\opencv\build\x86\vc10\lib\opencv_ml2410d.lib C:\opencv\build\x86\vc10\lib\opencv_calib3d2410d.lib C:\opencv\build\x86\vc10\lib\opencv_features2d2410d.lib C:\opencv\build\x86\vc10\lib\opencv_highgui2410d.lib C:\opencv\build\x86\vc10\lib\opencv_imgproc2410d.lib C:\opencv\build\x86\vc10\lib\opencv_flann2410d.lib C:\opencv\build\x86\vc10\lib\opencv_core2410d.lib /NODEFAULTLIB:"libc;libcmt.lib;libcmtd.lib" /MANIFEST /ManifestFile:"watershed_and_distance_transform.dir\Debug\watershed_and_distance_transform.exe.intermediate.manifest" /MANIFESTUAC:"level='asInvoker' uiAccess='false'" /DEBUG /PDB:"C:/ACV/assignments/ACV-assignments/assignment1/build/Debug/watershed_and_distance_transform.pdb" /SUBSYSTEM:CONSOLE /TLBID:1 /DYNAMICBASE /NXCOMPAT /IMPLIB:"C:/ACV/assignments/ACV-assignments/assignment1/build/Debug/watershed_and_distance_transform.lib" /MACHINE:X86 watershed_and_distance_transform.dir\Debug\watershed_and_distance_transform.exe.embed.manifest.res
         watershed_and_distance_transform.dir\Debug\main.obj  /machine:X86 
       Manifest:
         C:\Program Files (x86)\Microsoft SDKs\Windows\v7.0A\bin\mt.exe /nologo /verbose /out:"watershed_and_distance_transform.dir\Debug\watershed_and_distance_transform.exe.embed.manifest" /manifest watershed_and_distance_transform.dir\Debug\watershed_and_distance_transform.exe.intermediate.manifest
         C:\Program Files (x86)\Microsoft SDKs\Windows\v7.0A\bin\rc.exe /nologo /fo"watershed_and_distance_transform.dir\Debug\watershed_and_distance_transform.exe.embed.manifest.res" watershed_and_distance_transform.dir\Debug\watershed_and_distance_transform_manifest.rc 
       LinkEmbedManifest:
         C:\Program Files (x86)\Microsoft Visual Studio 10.0\VC\bin\link.exe /ERRORREPORT:PROMPT /OUT:"C:\ACV\assignments\ACV-assignments\assignment1\build\Debug\watershed_and_distance_transform.exe" /INCREMENTAL /NOLOGO kernel32.lib user32.lib gdi32.lib winspool.lib shell32.lib ole32.lib oleaut32.lib uuid.lib comdlg32.lib advapi32.lib C:\opencv\build\x86\vc10\lib\opencv_videostab2410d.lib C:\opencv\build\x86\vc10\lib\opencv_ts2410d.lib C:\opencv\build\x86\vc10\lib\opencv_superres2410d.lib C:\opencv\build\x86\vc10\lib\opencv_stitching2410d.lib C:\opencv\build\x86\vc10\lib\opencv_contrib2410d.lib C:\opencv\build\x86\vc10\lib\opencv_nonfree2410d.lib C:\opencv\build\x86\vc10\lib\opencv_ocl2410d.lib C:\opencv\build\x86\vc10\lib\opencv_gpu2410d.lib C:\opencv\build\x86\vc10\lib\opencv_photo2410d.lib C:\opencv\build\x86\vc10\lib\opencv_objdetect2410d.lib C:\opencv\build\x86\vc10\lib\opencv_legacy2410d.lib C:\opencv\build\x86\vc10\lib\opencv_video2410d.lib C:\opencv\build\x86\vc10\lib\opencv_ml2410d.lib C:\opencv\build\x86\vc10\lib\opencv_calib3d2410d.lib C:\opencv\build\x86\vc10\lib\opencv_features2d2410d.lib C:\opencv\build\x86\vc10\lib\opencv_highgui2410d.lib C:\opencv\build\x86\vc10\lib\opencv_imgproc2410d.lib C:\opencv\build\x86\vc10\lib\opencv_flann2410d.lib C:\opencv\build\x86\vc10\lib\opencv_core2410d.lib /NODEFAULTLIB:"libc;libcmt.lib;libcmtd.lib" /MANIFEST /ManifestFile:"watershed_and_distance_transform.dir\Debug\watershed_and_distance_transform.exe.intermediate.manifest" /MANIFESTUAC:"level='asInvoker' uiAccess='false'" /DEBUG /PDB:"C:/ACV/assignments/ACV-assignments/assignment1/build/Debug/watershed_and_distance_transform.pdb" /SUBSYSTEM:CONSOLE /TLBID:1 /DYNAMICBASE /NXCOMPAT /IMPLIB:"C:/ACV/assignments/ACV-assignments/assignment1/build/Debug/watershed_and_distance_transform.lib" /MACHINE:X86 watershed_and_distance_transform.dir\Debug\watershed_and_distance_transform.exe.embed.manifest.res
         watershed_and_distance_transform.dir\Debug\main.obj  /machine:X86 
         watershed_and_distance_transform.vcxproj -> C:\ACV\assignments\ACV-assignments\assignment1\build\Debug\watershed_and_distance_transform.exe
       FinalizeBuildStatus:
         Deleting file "watershed_and_distance_transform.dir\Debug\watershed_and_distance_transform.unsuccessfulbuild".
         Touching "watershed_and_distance_transform.dir\Debug\watershed_and_distance_transform.lastbuildstate".
     1>Done Building Project "C:\ACV\assignments\ACV-assignments\assignment1\build\src\watershed_and_distance_transform\watershed_and_distance_transform.vcxproj" (build target(s)).

Build succeeded.

Time Elapsed 00:00:02.03
