C:\ACV\ASSIGNMENTS\ACV-ASSIGNMENTS\ASSIGNMENT2\BUILD\DEBUG\HISTOGRAM.EXE
C:\ACV\ASSIGNMENTS\ACV-ASSIGNMENTS\ASSIGNMENT2\BUILD\DEBUG\HISTOGRAM.ILK
C:\ACV\ASSIGNMENTS\ACV-ASSIGNMENTS\ASSIGNMENT2\BUILD\DEBUG\HISTOGRAM.PDB
C:\ACV\ASSIGNMENTS\ACV-ASSIGNMENTS\ASSIGNMENT2\BUILD\SRC\HISTOGRAM\CMAKEFILES\GENERATE.STAMP
C:\ACV\assignments\ACV-assignments\assignment2\build\src\histogram\histogram.dir\Debug\cl.command.1.tlog
C:\ACV\assignments\ACV-assignments\assignment2\build\src\histogram\histogram.dir\Debug\CL.read.1.tlog
C:\ACV\assignments\ACV-assignments\assignment2\build\src\histogram\histogram.dir\Debug\CL.write.1.tlog
C:\ACV\assignments\ACV-assignments\assignment2\build\src\histogram\histogram.dir\Debug\custombuild.command.1.tlog
C:\ACV\assignments\ACV-assignments\assignment2\build\src\histogram\histogram.dir\Debug\custombuild.read.1.tlog
C:\ACV\assignments\ACV-assignments\assignment2\build\src\histogram\histogram.dir\Debug\custombuild.write.1.tlog
C:\ACV\ASSIGNMENTS\ACV-ASSIGNMENTS\ASSIGNMENT2\BUILD\SRC\HISTOGRAM\HISTOGRAM.DIR\DEBUG\HISTOGRAM.EXE.EMBED.MANIFEST
C:\ACV\ASSIGNMENTS\ACV-ASSIGNMENTS\ASSIGNMENT2\BUILD\SRC\HISTOGRAM\HISTOGRAM.DIR\DEBUG\HISTOGRAM.EXE.EMBED.MANIFEST.RES
C:\ACV\ASSIGNMENTS\ACV-ASSIGNMENTS\ASSIGNMENT2\BUILD\SRC\HISTOGRAM\HISTOGRAM.DIR\DEBUG\HISTOGRAM.EXE.INTERMEDIATE.MANIFEST
C:\ACV\assignments\ACV-assignments\assignment2\build\src\histogram\histogram.dir\Debug\histogram.write.1.tlog
C:\ACV\assignments\ACV-assignments\assignment2\build\src\histogram\histogram.dir\Debug\histogram_manifest.rc
C:\ACV\ASSIGNMENTS\ACV-ASSIGNMENTS\ASSIGNMENT2\BUILD\SRC\HISTOGRAM\HISTOGRAM.DIR\DEBUG\HISTOGRAMAPPLICATION.OBJ
C:\ACV\ASSIGNMENTS\ACV-ASSIGNMENTS\ASSIGNMENT2\BUILD\SRC\HISTOGRAM\HISTOGRAM.DIR\DEBUG\HISTOGRAMIMPLEMENTATION.OBJ
C:\ACV\assignments\ACV-assignments\assignment2\build\src\histogram\histogram.dir\Debug\link.11212.read.1.tlog
C:\ACV\assignments\ACV-assignments\assignment2\build\src\histogram\histogram.dir\Debug\link.11212.write.1.tlog
C:\ACV\assignments\ACV-assignments\assignment2\build\src\histogram\histogram.dir\Debug\link.11212-cvtres.read.1.tlog
C:\ACV\assignments\ACV-assignments\assignment2\build\src\histogram\histogram.dir\Debug\link.11212-cvtres.write.1.tlog
C:\ACV\assignments\ACV-assignments\assignment2\build\src\histogram\histogram.dir\Debug\link.2524.read.1.tlog
C:\ACV\assignments\ACV-assignments\assignment2\build\src\histogram\histogram.dir\Debug\link.2524.write.1.tlog
C:\ACV\assignments\ACV-assignments\assignment2\build\src\histogram\histogram.dir\Debug\link.2524-cvtres.read.1.tlog
C:\ACV\assignments\ACV-assignments\assignment2\build\src\histogram\histogram.dir\Debug\link.2524-cvtres.write.1.tlog
C:\ACV\assignments\ACV-assignments\assignment2\build\src\histogram\histogram.dir\Debug\link.4928.read.1.tlog
C:\ACV\assignments\ACV-assignments\assignment2\build\src\histogram\histogram.dir\Debug\link.4928.write.1.tlog
C:\ACV\assignments\ACV-assignments\assignment2\build\src\histogram\histogram.dir\Debug\link.4928-cvtres.read.1.tlog
C:\ACV\assignments\ACV-assignments\assignment2\build\src\histogram\histogram.dir\Debug\link.4928-cvtres.write.1.tlog
C:\ACV\assignments\ACV-assignments\assignment2\build\src\histogram\histogram.dir\Debug\link.7516.read.1.tlog
C:\ACV\assignments\ACV-assignments\assignment2\build\src\histogram\histogram.dir\Debug\link.7516.write.1.tlog
C:\ACV\assignments\ACV-assignments\assignment2\build\src\histogram\histogram.dir\Debug\link.7516-cvtres.read.1.tlog
C:\ACV\assignments\ACV-assignments\assignment2\build\src\histogram\histogram.dir\Debug\link.7516-cvtres.write.1.tlog
C:\ACV\assignments\ACV-assignments\assignment2\build\src\histogram\histogram.dir\Debug\link.7880.read.1.tlog
C:\ACV\assignments\ACV-assignments\assignment2\build\src\histogram\histogram.dir\Debug\link.7880.write.1.tlog
C:\ACV\assignments\ACV-assignments\assignment2\build\src\histogram\histogram.dir\Debug\link.7880-cvtres.read.1.tlog
C:\ACV\assignments\ACV-assignments\assignment2\build\src\histogram\histogram.dir\Debug\link.7880-cvtres.write.1.tlog
C:\ACV\assignments\ACV-assignments\assignment2\build\src\histogram\histogram.dir\Debug\link.command.1.tlog
C:\ACV\assignments\ACV-assignments\assignment2\build\src\histogram\histogram.dir\Debug\link.read.1.tlog
C:\ACV\assignments\ACV-assignments\assignment2\build\src\histogram\histogram.dir\Debug\link.write.1.tlog
C:\ACV\assignments\ACV-assignments\assignment2\build\src\histogram\histogram.dir\Debug\link-cvtres.read.1.tlog
C:\ACV\assignments\ACV-assignments\assignment2\build\src\histogram\histogram.dir\Debug\link-cvtres.write.1.tlog
C:\ACV\assignments\ACV-assignments\assignment2\build\src\histogram\histogram.dir\Debug\mt.command.1.tlog
C:\ACV\assignments\ACV-assignments\assignment2\build\src\histogram\histogram.dir\Debug\mt.read.1.tlog
C:\ACV\assignments\ACV-assignments\assignment2\build\src\histogram\histogram.dir\Debug\mt.write.1.tlog
C:\ACV\assignments\ACV-assignments\assignment2\build\src\histogram\histogram.dir\Debug\rc.command.1.tlog
C:\ACV\assignments\ACV-assignments\assignment2\build\src\histogram\histogram.dir\Debug\rc.read.1.tlog
C:\ACV\assignments\ACV-assignments\assignment2\build\src\histogram\histogram.dir\Debug\rc.write.1.tlog
C:\ACV\ASSIGNMENTS\ACV-ASSIGNMENTS\ASSIGNMENT2\BUILD\SRC\HISTOGRAM\HISTOGRAM.DIR\DEBUG\VC100.PDB
