Build started 10/20/2017 6:07:58 PM.
     1>Project "C:\ACV\assignments\ACV-assignments\assignment2\build\src\histogram\histogram.vcxproj" on node 4 (rebuild target(s)).
     1>_PrepareForClean:
         Deleting file "histogram.dir\Release\histogram.lastbuildstate".
       InitializeBuildStatus:
         Creating "histogram.dir\Release\histogram.unsuccessfulbuild" because "AlwaysCreate" was specified.
       CustomBuild:
         Building Custom Rule C:/ACV/assignments/ACV-assignments/assignment2/src/histogram/CMakeLists.txt
         CMake does not need to re-run because C:\ACV\assignments\ACV-assignments\assignment2\build\src\histogram\CMakeFiles\generate.stamp is up-to-date.
       ClCompile:
         C:\Program Files (x86)\Microsoft Visual Studio 10.0\VC\bin\CL.exe /c /IC:\opencv\build\include /IC:\opencv\build\include\opencv /nologo /W3 /WX- /O2 /Ob2 /Oy- /D WIN32 /D _WINDOWS /D NDEBUG /D _CRT_SECURE_NO_DEPRECATE /D "CMAKE_INTDIR=\"Release\"" /D _MBCS /Gm- /EHsc /MD /GS /fp:precise /Zc:wchar_t /Zc:forScope /GR /Fo"histogram.dir\Release\\" /Fd"histogram.dir\Release\vc100.pdb" /Gd /TP /analyze- /errorReport:prompt ..\..\..\src\histogram\histogramApplication.cpp ..\..\..\src\histogram\histogramImplementation.cpp
         histogramApplication.cpp
         histogramImplementation.cpp
     1>..\..\..\src\histogram\histogramImplementation.cpp(545): warning C4018: '<' : signed/unsigned mismatch
     1>..\..\..\src\histogram\histogramImplementation.cpp(614): warning C4018: '<' : signed/unsigned mismatch
         Generating Code...
       Link:
         C:\Program Files (x86)\Microsoft Visual Studio 10.0\VC\bin\link.exe /ERRORREPORT:PROMPT /OUT:"C:\ACV\assignments\ACV-assignments\assignment2\build\Release\histogram.exe" /INCREMENTAL:NO /NOLOGO kernel32.lib user32.lib gdi32.lib winspool.lib shell32.lib ole32.lib oleaut32.lib uuid.lib comdlg32.lib advapi32.lib C:\opencv\build\x86\vc10\lib\opencv_videostab2410.lib C:\opencv\build\x86\vc10\lib\opencv_ts2410.lib C:\opencv\build\x86\vc10\lib\opencv_superres2410.lib C:\opencv\build\x86\vc10\lib\opencv_stitching2410.lib C:\opencv\build\x86\vc10\lib\opencv_contrib2410.lib C:\opencv\build\x86\vc10\lib\opencv_nonfree2410.lib C:\opencv\build\x86\vc10\lib\opencv_ocl2410.lib C:\opencv\build\x86\vc10\lib\opencv_gpu2410.lib C:\opencv\build\x86\vc10\lib\opencv_photo2410.lib C:\opencv\build\x86\vc10\lib\opencv_objdetect2410.lib C:\opencv\build\x86\vc10\lib\opencv_legacy2410.lib C:\opencv\build\x86\vc10\lib\opencv_video2410.lib C:\opencv\build\x86\vc10\lib\opencv_ml2410.lib C:\opencv\build\x86\vc10\lib\opencv_calib3d2410.lib C:\opencv\build\x86\vc10\lib\opencv_features2d2410.lib C:\opencv\build\x86\vc10\lib\opencv_highgui2410.lib C:\opencv\build\x86\vc10\lib\opencv_imgproc2410.lib C:\opencv\build\x86\vc10\lib\opencv_flann2410.lib C:\opencv\build\x86\vc10\lib\opencv_core2410.lib /NODEFAULTLIB:"libc;libcmt.lib;libcmtd.lib" /MANIFEST /ManifestFile:"histogram.dir\Release\histogram.exe.intermediate.manifest" /MANIFESTUAC:"level='asInvoker' uiAccess='false'" /PDB:"C:/ACV/assignments/ACV-assignments/assignment2/build/Release/histogram.pdb" /SUBSYSTEM:CONSOLE /TLBID:1 /DYNAMICBASE /NXCOMPAT /IMPLIB:"C:/ACV/assignments/ACV-assignments/assignment2/build/Release/histogram.lib" /MACHINE:X86 histogram.dir\Release\histogramApplication.obj
         histogram.dir\Release\histogramImplementation.obj  /machine:X86 
         histogram.vcxproj -> C:\ACV\assignments\ACV-assignments\assignment2\build\Release\histogram.exe
       Manifest:
         C:\Program Files (x86)\Microsoft SDKs\Windows\v7.0A\bin\mt.exe /nologo /verbose /outputresource:"C:\ACV\assignments\ACV-assignments\assignment2\build\Release\histogram.exe;#1" /manifest histogram.dir\Release\histogram.exe.intermediate.manifest
       FinalizeBuildStatus:
         Deleting file "histogram.dir\Release\histogram.unsuccessfulbuild".
         Touching "histogram.dir\Release\histogram.lastbuildstate".
     1>Done Building Project "C:\ACV\assignments\ACV-assignments\assignment2\build\src\histogram\histogram.vcxproj" (rebuild target(s)).

Build succeeded.

Time Elapsed 00:00:03.50
